[Mon Jul 13 21:48:10 2015] [info] Listening at "http://*:3000".
[Mon Jul 13 21:48:27 2015] [debug] Your secret passphrase needs to be changed!!!
[Mon Jul 13 21:48:27 2015] [debug] GET "/".
[Mon Jul 13 21:48:27 2015] [debug] Routing to controller "GR::Example" and action "welcome".
[Mon Jul 13 21:48:27 2015] [debug] Rendering template "example/welcome.html.ep".
[Mon Jul 13 21:48:27 2015] [debug] Rendering template "layouts/default.html.ep".
[Mon Jul 13 21:48:27 2015] [debug] 200 OK (0.005609s, 178.285/s).
[Mon Jul 13 21:55:00 2015] [debug] Your secret passphrase needs to be changed!!!
[Mon Jul 13 21:55:00 2015] [debug] GET "/".
[Mon Jul 13 21:55:00 2015] [debug] Controller "GR::Controller::Homee" does not exist.
[Mon Jul 13 21:55:00 2015] [debug] Template "homee/windex.html.ep" not found.
[Mon Jul 13 21:55:00 2015] [debug] Template "not_found.development.html.ep" not found.
[Mon Jul 13 21:55:00 2015] [debug] Template "not_found.html.ep" not found.
[Mon Jul 13 21:55:00 2015] [debug] Rendering inline template "f1dc5ae11294c9115f24b13adf9a9165".
[Mon Jul 13 21:55:00 2015] [debug] Rendering inline template "4fcf2af99f1803a7a26c2e9b04430f8c".
[Mon Jul 13 21:55:00 2015] [debug] 404 Not Found (0.031773s, 31.473/s).
[Mon Jul 13 21:56:26 2015] [info] Listening at "http://*:3000".
[Mon Jul 13 21:56:30 2015] [debug] Your secret passphrase needs to be changed!!!
[Mon Jul 13 21:56:30 2015] [debug] GET "/".
[Mon Jul 13 21:56:30 2015] [debug] Controller "GR::Controller::Homee" does not exist.
[Mon Jul 13 21:56:30 2015] [debug] Template "homee/windex.html.ep" not found.
[Mon Jul 13 21:56:30 2015] [debug] Template "not_found.development.html.ep" not found.
[Mon Jul 13 21:56:30 2015] [debug] Template "not_found.html.ep" not found.
[Mon Jul 13 21:56:30 2015] [debug] Rendering inline template "f1dc5ae11294c9115f24b13adf9a9165".
[Mon Jul 13 21:56:30 2015] [debug] Rendering inline template "4fcf2af99f1803a7a26c2e9b04430f8c".
[Mon Jul 13 21:56:30 2015] [debug] 404 Not Found (0.032862s, 30.430/s).
[Mon Jul 13 21:58:14 2015] [debug] Your secret passphrase needs to be changed!!!
[Mon Jul 13 21:58:14 2015] [debug] GET "/".
[Mon Jul 13 21:58:14 2015] [debug] Controller "GR::Controller::Homee" does not exist.
[Mon Jul 13 21:58:14 2015] [debug] Template "homee/index.html.ep" not found.
[Mon Jul 13 21:58:14 2015] [debug] Template "not_found.development.html.ep" not found.
[Mon Jul 13 21:58:14 2015] [debug] Template "not_found.html.ep" not found.
[Mon Jul 13 21:58:14 2015] [debug] Rendering inline template "f1dc5ae11294c9115f24b13adf9a9165".
[Mon Jul 13 21:58:14 2015] [debug] Rendering inline template "4fcf2af99f1803a7a26c2e9b04430f8c".
[Mon Jul 13 21:58:14 2015] [debug] 404 Not Found (0.023785s, 42.043/s).
[Mon Jul 13 21:58:52 2015] [debug] Your secret passphrase needs to be changed!!!
[Mon Jul 13 21:58:52 2015] [debug] GET "/".
[Mon Jul 13 21:58:52 2015] [debug] Routing to controller "GR::Controller::Home" and action "index".
[Mon Jul 13 21:58:52 2015] [debug] Rendering template "home/index.html.ep".
[Mon Jul 13 21:58:52 2015] [debug] Rendering template "layouts/default.html.ep".
[Mon Jul 13 21:58:52 2015] [debug] 200 OK (0.008802s, 113.611/s).
[Mon Jul 13 21:58:55 2015] [debug] GET "/".
[Mon Jul 13 21:58:55 2015] [debug] Routing to controller "GR::Controller::Home" and action "index".
[Mon Jul 13 21:58:55 2015] [debug] Rendering cached template "home/index.html.ep".
[Mon Jul 13 21:58:55 2015] [debug] Rendering cached template "layouts/default.html.ep".
[Mon Jul 13 21:58:55 2015] [debug] 200 OK (0.001898s, 526.870/s).
[Mon Jul 13 21:59:08 2015] [debug] GET "/".
[Mon Jul 13 21:59:08 2015] [debug] Routing to controller "GR::Controller::Home" and action "index".
[Mon Jul 13 21:59:08 2015] [debug] Rendering cached template "home/index.html.ep".
[Mon Jul 13 21:59:08 2015] [debug] Rendering cached template "layouts/default.html.ep".
[Mon Jul 13 21:59:08 2015] [debug] 200 OK (0.002264s, 441.696/s).
[Mon Jul 13 22:05:36 2015] [debug] Your secret passphrase needs to be changed!!!
[Mon Jul 13 22:05:36 2015] [debug] GET "/gr/medicao".
[Mon Jul 13 22:05:36 2015] [debug] Template "not_found.development.html.ep" not found.
[Mon Jul 13 22:05:36 2015] [debug] Template "not_found.html.ep" not found.
[Mon Jul 13 22:05:36 2015] [debug] Rendering inline template "f1dc5ae11294c9115f24b13adf9a9165".
[Mon Jul 13 22:05:36 2015] [debug] Rendering inline template "4fcf2af99f1803a7a26c2e9b04430f8c".
[Mon Jul 13 22:05:36 2015] [debug] 404 Not Found (0.020098s, 49.756/s).
[Mon Jul 13 22:05:36 2015] [debug] GET "/gr".
[Mon Jul 13 22:05:36 2015] [debug] Template "gr.html.ep" not found.
[Mon Jul 13 22:05:36 2015] [debug] Template "not_found.development.html.ep" not found.
[Mon Jul 13 22:05:36 2015] [debug] Template "not_found.html.ep" not found.
[Mon Jul 13 22:05:36 2015] [debug] Rendering inline template "f1dc5ae11294c9115f24b13adf9a9165".
[Mon Jul 13 22:05:36 2015] [debug] Rendering inline template "4fcf2af99f1803a7a26c2e9b04430f8c".
[Mon Jul 13 22:05:36 2015] [debug] 404 Not Found (0.018601s, 53.761/s).
[Mon Jul 13 22:05:40 2015] [debug] GET "/gr".
[Mon Jul 13 22:05:40 2015] [debug] Template "gr.html.ep" not found.
[Mon Jul 13 22:05:40 2015] [debug] Template "not_found.development.html.ep" not found.
[Mon Jul 13 22:05:40 2015] [debug] Template "not_found.html.ep" not found.
[Mon Jul 13 22:05:40 2015] [debug] Rendering cached inline template "f1dc5ae11294c9115f24b13adf9a9165".
[Mon Jul 13 22:05:40 2015] [debug] Rendering cached inline template "4fcf2af99f1803a7a26c2e9b04430f8c".
[Mon Jul 13 22:05:40 2015] [debug] 404 Not Found (0.014187s, 70.487/s).
[Mon Jul 13 22:06:50 2015] [debug] Your secret passphrase needs to be changed!!!
[Mon Jul 13 22:06:52 2015] [debug] GET "/gr".
[Mon Jul 13 22:06:52 2015] [debug] Routing to controller "GR::Controller::Medicao" and action "index".
[Mon Jul 13 22:06:52 2015] [debug] Rendering template "medicao/index.html.ep".
[Mon Jul 13 22:06:52 2015] [debug] Rendering template "layouts/default.html.ep".
[Mon Jul 13 22:06:52 2015] [debug] 200 OK (0.011643s, 85.889/s).
[Mon Jul 13 22:13:24 2015] [debug] Your secret passphrase needs to be changed!!!
[Mon Jul 13 22:13:24 2015] [debug] GET "/gr".
[Mon Jul 13 22:13:24 2015] [debug] Routing to controller "GR::Controller::Medicao" and action "index".
[Mon Jul 13 22:13:24 2015] [debug] Rendering template "medicao/index.html.ep".
[Mon Jul 13 22:13:24 2015] [debug] Rendering template "layouts/default.html.ep".
[Mon Jul 13 22:13:24 2015] [debug] 200 OK (0.007811s, 128.025/s).
[Tue Jul 14 10:21:15 2015] [info] Listening at "http://*:3000".
[Tue Jul 14 10:21:26 2015] [debug] Your secret passphrase needs to be changed!!!
[Tue Jul 14 10:21:26 2015] [debug] GET "/gr".
[Tue Jul 14 10:21:26 2015] [debug] Routing to controller "GR::Controller::Medicao" and action "index".
[Tue Jul 14 10:21:26 2015] [debug] Rendering template "medicao/index.html.ep".
[Tue Jul 14 10:21:26 2015] [debug] Rendering template "layouts/default.html.ep".
[Tue Jul 14 10:21:26 2015] [debug] 200 OK (0.051964s, 19.244/s).
[Tue Jul 14 11:13:08 2015] [debug] Your secret passphrase needs to be changed!!!
[Tue Jul 14 11:13:08 2015] [debug] GET "/gr".
[Tue Jul 14 11:13:08 2015] [debug] Routing to controller "GR::Controller::Medicao" and action "index".
[Tue Jul 14 11:13:08 2015] [debug] Rendering template "medicao/index.html.ep".
[Tue Jul 14 11:13:08 2015] [debug] Rendering template "layouts/default.html.ep".
[Tue Jul 14 11:13:08 2015] [debug] 200 OK (0.005405s, 185.014/s).
[Tue Jul 14 11:13:10 2015] [debug] GET "/gr".
[Tue Jul 14 11:13:10 2015] [debug] Routing to controller "GR::Controller::Medicao" and action "index".
[Tue Jul 14 11:13:10 2015] [debug] Rendering cached template "medicao/index.html.ep".
[Tue Jul 14 11:13:10 2015] [debug] Rendering cached template "layouts/default.html.ep".
[Tue Jul 14 11:13:10 2015] [debug] 200 OK (0.000995s, 1005.025/s).
[Tue Jul 14 11:13:16 2015] [debug] GET "/gr".
[Tue Jul 14 11:13:16 2015] [debug] Routing to controller "GR::Controller::Medicao" and action "index".
[Tue Jul 14 11:13:16 2015] [debug] Rendering cached template "medicao/index.html.ep".
[Tue Jul 14 11:13:16 2015] [debug] Rendering cached template "layouts/default.html.ep".
[Tue Jul 14 11:13:16 2015] [debug] 200 OK (0.000671s, 1490.313/s).
[Tue Jul 14 11:13:46 2015] [debug] Your secret passphrase needs to be changed!!!
[Tue Jul 14 11:13:46 2015] [debug] GET "/gr".
[Tue Jul 14 11:13:46 2015] [debug] Routing to controller "GR::Controller::Medicao" and action "index".
[Tue Jul 14 11:13:46 2015] [debug] Rendering template "medicao/index.html.ep".
[Tue Jul 14 11:13:46 2015] [debug] Rendering template "layouts/default.html.ep".
[Tue Jul 14 11:13:46 2015] [debug] 200 OK (0.004578s, 218.436/s).
[Tue Jul 14 11:14:48 2015] [debug] GET "/gr".
[Tue Jul 14 11:14:48 2015] [debug] Routing to controller "GR::Controller::Medicao" and action "index".
[Tue Jul 14 11:14:48 2015] [debug] Rendering cached template "medicao/index.html.ep".
[Tue Jul 14 11:14:48 2015] [debug] Rendering cached template "layouts/default.html.ep".
[Tue Jul 14 11:14:48 2015] [debug] 200 OK (0.001448s, 690.608/s).
[Tue Jul 14 11:15:13 2015] [debug] Your secret passphrase needs to be changed!!!
[Tue Jul 14 11:15:13 2015] [debug] GET "/gr".
[Tue Jul 14 11:15:13 2015] [debug] Routing to controller "GR::Controller::Medicao" and action "index".
[Tue Jul 14 11:15:13 2015] [debug] Rendering template "medicao/index.html.ep".
[Tue Jul 14 11:15:13 2015] [debug] Rendering template "layouts/default.html.ep".
[Tue Jul 14 11:15:13 2015] [debug] 200 OK (0.010013s, 99.870/s).
[Tue Jul 14 11:20:31 2015] [debug] GET "/gr".
[Tue Jul 14 11:20:31 2015] [debug] Routing to controller "GR::Controller::Medicao" and action "index".
[Tue Jul 14 11:20:31 2015] [debug] Rendering cached template "medicao/index.html.ep".
[Tue Jul 14 11:20:31 2015] [debug] Rendering cached template "layouts/default.html.ep".
[Tue Jul 14 11:20:31 2015] [debug] 200 OK (0.001665s, 600.601/s).
[Tue Jul 14 11:20:52 2015] [debug] GET "/gr".
[Tue Jul 14 11:20:52 2015] [debug] Routing to controller "GR::Controller::Medicao" and action "index".
[Tue Jul 14 11:20:52 2015] [debug] Rendering cached template "medicao/index.html.ep".
[Tue Jul 14 11:20:52 2015] [debug] Rendering cached template "layouts/default.html.ep".
[Tue Jul 14 11:20:52 2015] [debug] 200 OK (0.001661s, 602.047/s).
[Tue Jul 14 11:24:33 2015] [debug] Your secret passphrase needs to be changed!!!
[Tue Jul 14 11:24:33 2015] [debug] GET "/gr".
[Tue Jul 14 11:24:33 2015] [debug] Routing to controller "GR::Controller::Medicao" and action "index".
[Tue Jul 14 11:24:33 2015] [debug] Rendering template "medicao/index.html.ep".
[Tue Jul 14 11:24:33 2015] [debug] Rendering template "layouts/default.html.ep".
[Tue Jul 14 11:24:33 2015] [debug] 200 OK (0.013517s, 73.981/s).
[Tue Jul 14 11:26:47 2015] [debug] Your secret passphrase needs to be changed!!!
[Tue Jul 14 11:26:47 2015] [debug] GET "/gr".
[Tue Jul 14 11:26:47 2015] [debug] Routing to controller "GR::Controller::Medicao" and action "index".
[Tue Jul 14 11:26:47 2015] [debug] Rendering template "medicao/index.html.ep".
[Tue Jul 14 11:26:47 2015] [debug] Rendering template "layouts/default.html.ep".
[Tue Jul 14 11:26:47 2015] [debug] 200 OK (0.015400s, 64.935/s).
[Tue Jul 14 11:27:28 2015] [debug] GET "/gr".
[Tue Jul 14 11:27:28 2015] [debug] Routing to controller "GR::Controller::Medicao" and action "index".
[Tue Jul 14 11:27:28 2015] [debug] Rendering cached template "medicao/index.html.ep".
[Tue Jul 14 11:27:28 2015] [debug] Rendering cached template "layouts/default.html.ep".
[Tue Jul 14 11:27:28 2015] [debug] 200 OK (0.001519s, 658.328/s).
[Tue Jul 14 11:35:19 2015] [debug] Your secret passphrase needs to be changed!!!
[Tue Jul 14 11:35:19 2015] [debug] GET "/gr".
[Tue Jul 14 11:35:19 2015] [debug] Routing to controller "GR::Controller::Medicao" and action "index".
[Tue Jul 14 11:35:19 2015] [debug] Rendering template "medicao/index.html.ep".
[Tue Jul 14 11:35:19 2015] [debug] Rendering template "layouts/default.html.ep".
[Tue Jul 14 11:35:19 2015] [debug] 200 OK (0.007068s, 141.483/s).
[Tue Jul 14 11:37:02 2015] [debug] Your secret passphrase needs to be changed!!!
[Tue Jul 14 11:37:02 2015] [debug] GET "/gr".
[Tue Jul 14 11:37:02 2015] [debug] Routing to controller "GR::Controller::Medicao" and action "index".
[Tue Jul 14 11:37:02 2015] [debug] Rendering template "medicao/index.html.ep".
[Tue Jul 14 11:37:02 2015] [debug] Rendering template "layouts/default.html.ep".
[Tue Jul 14 11:37:02 2015] [debug] 200 OK (0.010151s, 98.512/s).
[Tue Jul 14 11:42:57 2015] [debug] GET "/gr".
[Tue Jul 14 11:42:57 2015] [debug] Routing to controller "GR::Controller::Medicao" and action "index".
[Tue Jul 14 11:42:57 2015] [debug] Rendering cached template "medicao/index.html.ep".
[Tue Jul 14 11:42:57 2015] [debug] Rendering cached template "layouts/default.html.ep".
[Tue Jul 14 11:42:57 2015] [debug] 200 OK (0.001559s, 641.437/s).
[Tue Jul 14 11:44:37 2015] [debug] Your secret passphrase needs to be changed!!!
[Tue Jul 14 11:44:37 2015] [debug] GET "/gr".
[Tue Jul 14 11:44:37 2015] [debug] Routing to controller "GR::Controller::Medicao" and action "index".
[Tue Jul 14 11:44:37 2015] [debug] Rendering template "medicao/index.html.ep".
[Tue Jul 14 11:44:37 2015] [debug] Rendering template "layouts/default.html.ep".
[Tue Jul 14 11:44:37 2015] [debug] 200 OK (0.010097s, 99.039/s).
[Tue Jul 14 11:51:58 2015] [debug] GET "/gr".
[Tue Jul 14 11:51:58 2015] [debug] Routing to controller "GR::Controller::Medicao" and action "index".
[Tue Jul 14 11:51:58 2015] [debug] Rendering cached template "medicao/index.html.ep".
[Tue Jul 14 11:51:58 2015] [debug] Rendering cached template "layouts/default.html.ep".
[Tue Jul 14 11:51:58 2015] [debug] 200 OK (0.001551s, 644.745/s).
[Tue Jul 14 11:53:50 2015] [debug] GET "/gr".
[Tue Jul 14 11:53:50 2015] [debug] Routing to controller "GR::Controller::Medicao" and action "index".
[Tue Jul 14 11:53:50 2015] [debug] Rendering cached template "medicao/index.html.ep".
[Tue Jul 14 11:53:50 2015] [debug] Rendering cached template "layouts/default.html.ep".
[Tue Jul 14 11:53:50 2015] [debug] 200 OK (0.001747s, 572.410/s).
[Tue Jul 14 12:00:35 2015] [debug] GET "/gr".
[Tue Jul 14 12:00:35 2015] [debug] Routing to controller "GR::Controller::Medicao" and action "index".
[Tue Jul 14 12:00:35 2015] [debug] Rendering cached template "medicao/index.html.ep".
[Tue Jul 14 12:00:35 2015] [debug] Rendering cached template "layouts/default.html.ep".
[Tue Jul 14 12:00:35 2015] [debug] 200 OK (0.001221s, 819.001/s).
[Tue Jul 14 12:00:58 2015] [debug] GET "/gr".
[Tue Jul 14 12:00:58 2015] [debug] Routing to controller "GR::Controller::Medicao" and action "index".
[Tue Jul 14 12:00:58 2015] [debug] Rendering cached template "medicao/index.html.ep".
[Tue Jul 14 12:00:58 2015] [debug] Rendering cached template "layouts/default.html.ep".
[Tue Jul 14 12:00:58 2015] [debug] 200 OK (0.001614s, 619.579/s).
[Tue Jul 14 12:02:25 2015] [debug] Your secret passphrase needs to be changed!!!
[Tue Jul 14 12:02:25 2015] [debug] GET "/gr".
[Tue Jul 14 12:02:25 2015] [debug] Routing to controller "GR::Controller::Medicao" and action "index".
[Tue Jul 14 12:02:25 2015] [debug] Rendering template "medicao/index.html.ep".
[Tue Jul 14 12:02:25 2015] [debug] Rendering template "layouts/default.html.ep".
[Tue Jul 14 12:02:25 2015] [debug] 200 OK (0.012556s, 79.643/s).
[Tue Jul 14 12:03:31 2015] [debug] Your secret passphrase needs to be changed!!!
[Tue Jul 14 12:03:31 2015] [debug] GET "/gr".
[Tue Jul 14 12:03:31 2015] [debug] Routing to controller "GR::Controller::Medicao" and action "index".
[Tue Jul 14 12:03:31 2015] [debug] Rendering template "medicao/index.html.ep".
[Tue Jul 14 12:03:31 2015] [debug] Rendering template "layouts/default.html.ep".
[Tue Jul 14 12:03:31 2015] [debug] 200 OK (0.015435s, 64.788/s).
[Tue Jul 14 12:04:15 2015] [debug] GET "/gr".
[Tue Jul 14 12:04:15 2015] [debug] Routing to controller "GR::Controller::Medicao" and action "index".
[Tue Jul 14 12:04:15 2015] [debug] Rendering cached template "medicao/index.html.ep".
[Tue Jul 14 12:04:15 2015] [debug] Rendering cached template "layouts/default.html.ep".
[Tue Jul 14 12:04:15 2015] [debug] 200 OK (0.002080s, 480.769/s).
[Tue Jul 14 12:06:09 2015] [debug] Your secret passphrase needs to be changed!!!
[Tue Jul 14 12:06:09 2015] [debug] GET "/gr".
[Tue Jul 14 12:06:09 2015] [debug] Routing to controller "GR::Controller::Medicao" and action "index".
[Tue Jul 14 12:06:09 2015] [debug] Rendering template "medicao/index.html.ep".
[Tue Jul 14 12:06:09 2015] [debug] Rendering template "layouts/default.html.ep".
[Tue Jul 14 12:06:09 2015] [debug] 200 OK (0.014044s, 71.205/s).
[Tue Jul 14 12:07:55 2015] [debug] Your secret passphrase needs to be changed!!!
[Tue Jul 14 12:07:55 2015] [debug] GET "/gr".
[Tue Jul 14 12:07:55 2015] [debug] Routing to controller "GR::Controller::Medicao" and action "index".
[Tue Jul 14 12:07:55 2015] [debug] Rendering template "medicao/index.html.ep".
[Tue Jul 14 12:07:55 2015] [debug] Rendering template "layouts/default.html.ep".
[Tue Jul 14 12:07:55 2015] [debug] 200 OK (0.014504s, 68.946/s).
[Tue Jul 14 12:08:14 2015] [debug] Your secret passphrase needs to be changed!!!
[Tue Jul 14 12:08:14 2015] [debug] GET "/gr".
[Tue Jul 14 12:08:14 2015] [debug] Routing to controller "GR::Controller::Medicao" and action "index".
[Tue Jul 14 12:08:14 2015] [debug] Rendering template "medicao/index.html.ep".
[Tue Jul 14 12:08:14 2015] [debug] Rendering template "layouts/default.html.ep".
[Tue Jul 14 12:08:14 2015] [debug] 200 OK (0.014167s, 70.587/s).
[Tue Jul 14 12:08:22 2015] [debug] GET "/gr".
[Tue Jul 14 12:08:22 2015] [debug] Routing to controller "GR::Controller::Medicao" and action "index".
[Tue Jul 14 12:08:22 2015] [debug] Rendering cached template "medicao/index.html.ep".
[Tue Jul 14 12:08:22 2015] [debug] Rendering cached template "layouts/default.html.ep".
[Tue Jul 14 12:08:22 2015] [debug] 200 OK (0.001576s, 634.518/s).
[Tue Jul 14 12:10:44 2015] [debug] Your secret passphrase needs to be changed!!!
[Tue Jul 14 12:10:44 2015] [debug] GET "/gr".
[Tue Jul 14 12:10:44 2015] [debug] Routing to controller "GR::Controller::Medicao" and action "index".
[Tue Jul 14 12:10:44 2015] [debug] Rendering template "medicao/index.html.ep".
[Tue Jul 14 12:10:44 2015] [debug] Rendering template "layouts/default.html.ep".
[Tue Jul 14 12:10:44 2015] [debug] 200 OK (0.014476s, 69.080/s).
[Tue Jul 14 12:27:02 2015] [debug] GET "/gr".
[Tue Jul 14 12:27:02 2015] [debug] Routing to controller "GR::Controller::Medicao" and action "index".
[Tue Jul 14 12:27:02 2015] [debug] Rendering cached template "medicao/index.html.ep".
[Tue Jul 14 12:27:02 2015] [debug] Rendering cached template "layouts/default.html.ep".
[Tue Jul 14 12:27:02 2015] [debug] 200 OK (0.001626s, 615.006/s).
[Tue Jul 14 12:27:39 2015] [debug] GET "/gr".
[Tue Jul 14 12:27:39 2015] [debug] Routing to controller "GR::Controller::Medicao" and action "index".
[Tue Jul 14 12:27:39 2015] [debug] Rendering cached template "medicao/index.html.ep".
[Tue Jul 14 12:27:39 2015] [debug] Rendering cached template "layouts/default.html.ep".
[Tue Jul 14 12:27:39 2015] [debug] 200 OK (0.001606s, 622.665/s).
[Tue Jul 14 12:37:08 2015] [debug] GET "/gr".
[Tue Jul 14 12:37:08 2015] [debug] Routing to controller "GR::Controller::Medicao" and action "index".
[Tue Jul 14 12:37:08 2015] [debug] Rendering cached template "medicao/index.html.ep".
[Tue Jul 14 12:37:08 2015] [debug] Rendering cached template "layouts/default.html.ep".
[Tue Jul 14 12:37:08 2015] [debug] 200 OK (0.001758s, 568.828/s).
[Tue Jul 14 12:38:20 2015] [debug] GET "/gr".
[Tue Jul 14 12:38:20 2015] [debug] Routing to controller "GR::Controller::Medicao" and action "index".
[Tue Jul 14 12:38:20 2015] [debug] Rendering cached template "medicao/index.html.ep".
[Tue Jul 14 12:38:20 2015] [debug] Rendering cached template "layouts/default.html.ep".
[Tue Jul 14 12:38:20 2015] [debug] 200 OK (0.001585s, 630.915/s).
[Tue Jul 14 12:38:37 2015] [debug] GET "/gr".
[Tue Jul 14 12:38:37 2015] [debug] Routing to controller "GR::Controller::Medicao" and action "index".
[Tue Jul 14 12:38:37 2015] [debug] Rendering cached template "medicao/index.html.ep".
[Tue Jul 14 12:38:37 2015] [debug] Rendering cached template "layouts/default.html.ep".
[Tue Jul 14 12:38:37 2015] [debug] 200 OK (0.001311s, 762.777/s).
[Tue Jul 14 12:39:36 2015] [debug] GET "/gr".
[Tue Jul 14 12:39:36 2015] [debug] Routing to controller "GR::Controller::Medicao" and action "index".
[Tue Jul 14 12:39:36 2015] [debug] Rendering cached template "medicao/index.html.ep".
[Tue Jul 14 12:39:36 2015] [debug] Rendering cached template "layouts/default.html.ep".
[Tue Jul 14 12:39:36 2015] [debug] 200 OK (0.002024s, 494.071/s).
[Tue Jul 14 12:40:25 2015] [debug] GET "/gr".
[Tue Jul 14 12:40:25 2015] [debug] Routing to controller "GR::Controller::Medicao" and action "index".
[Tue Jul 14 12:40:25 2015] [debug] Rendering cached template "medicao/index.html.ep".
[Tue Jul 14 12:40:25 2015] [debug] Rendering cached template "layouts/default.html.ep".
[Tue Jul 14 12:40:25 2015] [debug] 200 OK (0.001039s, 962.464/s).
[Tue Jul 14 12:40:38 2015] [debug] GET "/gr".
[Tue Jul 14 12:40:38 2015] [debug] Routing to controller "GR::Controller::Medicao" and action "index".
[Tue Jul 14 12:40:38 2015] [debug] Rendering cached template "medicao/index.html.ep".
[Tue Jul 14 12:40:38 2015] [debug] Rendering cached template "layouts/default.html.ep".
[Tue Jul 14 12:40:38 2015] [debug] 200 OK (0.000809s, 1236.094/s).
[Tue Jul 14 12:40:47 2015] [debug] GET "/gr".
[Tue Jul 14 12:40:47 2015] [debug] Routing to controller "GR::Controller::Medicao" and action "index".
[Tue Jul 14 12:40:47 2015] [debug] Rendering cached template "medicao/index.html.ep".
[Tue Jul 14 12:40:47 2015] [debug] Rendering cached template "layouts/default.html.ep".
[Tue Jul 14 12:40:47 2015] [debug] 200 OK (0.001593s, 627.746/s).
[Tue Jul 14 12:40:59 2015] [debug] GET "/gr".
[Tue Jul 14 12:40:59 2015] [debug] Routing to controller "GR::Controller::Medicao" and action "index".
[Tue Jul 14 12:40:59 2015] [debug] Rendering cached template "medicao/index.html.ep".
[Tue Jul 14 12:40:59 2015] [debug] Rendering cached template "layouts/default.html.ep".
[Tue Jul 14 12:40:59 2015] [debug] 200 OK (0.001578s, 633.714/s).
[Tue Jul 14 12:41:10 2015] [debug] GET "/gr".
[Tue Jul 14 12:41:10 2015] [debug] Routing to controller "GR::Controller::Medicao" and action "index".
[Tue Jul 14 12:41:10 2015] [debug] Rendering cached template "medicao/index.html.ep".
[Tue Jul 14 12:41:10 2015] [debug] Rendering cached template "layouts/default.html.ep".
[Tue Jul 14 12:41:10 2015] [debug] 200 OK (0.001510s, 662.252/s).
[Tue Jul 14 12:41:23 2015] [debug] GET "/gr".
[Tue Jul 14 12:41:23 2015] [debug] Routing to controller "GR::Controller::Medicao" and action "index".
[Tue Jul 14 12:41:23 2015] [debug] Rendering cached template "medicao/index.html.ep".
[Tue Jul 14 12:41:23 2015] [debug] Rendering cached template "layouts/default.html.ep".
[Tue Jul 14 12:41:23 2015] [debug] 200 OK (0.002883s, 346.861/s).
[Tue Jul 14 12:41:38 2015] [debug] GET "/gr".
[Tue Jul 14 12:41:38 2015] [debug] Routing to controller "GR::Controller::Medicao" and action "index".
[Tue Jul 14 12:41:38 2015] [debug] Rendering cached template "medicao/index.html.ep".
[Tue Jul 14 12:41:38 2015] [debug] Rendering cached template "layouts/default.html.ep".
[Tue Jul 14 12:41:38 2015] [debug] 200 OK (0.001586s, 630.517/s).
[Tue Jul 14 12:41:54 2015] [debug] GET "/gr".
[Tue Jul 14 12:41:54 2015] [debug] Routing to controller "GR::Controller::Medicao" and action "index".
[Tue Jul 14 12:41:54 2015] [debug] Rendering cached template "medicao/index.html.ep".
[Tue Jul 14 12:41:54 2015] [debug] Rendering cached template "layouts/default.html.ep".
[Tue Jul 14 12:41:54 2015] [debug] 200 OK (0.001134s, 881.834/s).
[Tue Jul 14 12:42:12 2015] [debug] GET "/gr".
[Tue Jul 14 12:42:12 2015] [debug] Routing to controller "GR::Controller::Medicao" and action "index".
[Tue Jul 14 12:42:12 2015] [debug] Rendering cached template "medicao/index.html.ep".
[Tue Jul 14 12:42:12 2015] [debug] Rendering cached template "layouts/default.html.ep".
[Tue Jul 14 12:42:12 2015] [debug] 200 OK (0.001577s, 634.115/s).
[Tue Jul 14 12:42:59 2015] [debug] GET "/gr".
[Tue Jul 14 12:42:59 2015] [debug] Routing to controller "GR::Controller::Medicao" and action "index".
[Tue Jul 14 12:42:59 2015] [debug] Rendering cached template "medicao/index.html.ep".
[Tue Jul 14 12:42:59 2015] [debug] Rendering cached template "layouts/default.html.ep".
[Tue Jul 14 12:42:59 2015] [debug] 200 OK (0.002380s, 420.168/s).
[Tue Jul 14 12:43:27 2015] [debug] GET "/gr".
[Tue Jul 14 12:43:27 2015] [debug] Routing to controller "GR::Controller::Medicao" and action "index".
[Tue Jul 14 12:43:27 2015] [debug] Rendering cached template "medicao/index.html.ep".
[Tue Jul 14 12:43:27 2015] [debug] Rendering cached template "layouts/default.html.ep".
[Tue Jul 14 12:43:27 2015] [debug] 200 OK (0.001805s, 554.017/s).
[Tue Jul 14 12:43:41 2015] [debug] GET "/gr".
[Tue Jul 14 12:43:41 2015] [debug] Routing to controller "GR::Controller::Medicao" and action "index".
[Tue Jul 14 12:43:41 2015] [debug] Rendering cached template "medicao/index.html.ep".
[Tue Jul 14 12:43:41 2015] [debug] Rendering cached template "layouts/default.html.ep".
[Tue Jul 14 12:43:41 2015] [debug] 200 OK (0.001614s, 619.579/s).
[Tue Jul 14 12:44:03 2015] [debug] GET "/gr".
[Tue Jul 14 12:44:03 2015] [debug] Routing to controller "GR::Controller::Medicao" and action "index".
[Tue Jul 14 12:44:03 2015] [debug] Rendering cached template "medicao/index.html.ep".
[Tue Jul 14 12:44:03 2015] [debug] Rendering cached template "layouts/default.html.ep".
[Tue Jul 14 12:44:03 2015] [debug] 200 OK (0.001612s, 620.347/s).
[Tue Jul 14 12:44:11 2015] [debug] GET "/gr".
[Tue Jul 14 12:44:11 2015] [debug] Routing to controller "GR::Controller::Medicao" and action "index".
[Tue Jul 14 12:44:11 2015] [debug] Rendering cached template "medicao/index.html.ep".
[Tue Jul 14 12:44:11 2015] [debug] Rendering cached template "layouts/default.html.ep".
[Tue Jul 14 12:44:11 2015] [debug] 200 OK (0.002243s, 445.831/s).
[Tue Jul 14 12:44:22 2015] [debug] GET "/gr".
[Tue Jul 14 12:44:22 2015] [debug] Routing to controller "GR::Controller::Medicao" and action "index".
[Tue Jul 14 12:44:22 2015] [debug] Rendering cached template "medicao/index.html.ep".
[Tue Jul 14 12:44:22 2015] [debug] Rendering cached template "layouts/default.html.ep".
[Tue Jul 14 12:44:22 2015] [debug] 200 OK (0.002421s, 413.052/s).
[Tue Jul 14 12:44:34 2015] [debug] GET "/gr".
[Tue Jul 14 12:44:34 2015] [debug] Routing to controller "GR::Controller::Medicao" and action "index".
[Tue Jul 14 12:44:34 2015] [debug] Rendering cached template "medicao/index.html.ep".
[Tue Jul 14 12:44:34 2015] [debug] Rendering cached template "layouts/default.html.ep".
[Tue Jul 14 12:44:34 2015] [debug] 200 OK (0.001634s, 611.995/s).
[Tue Jul 14 12:44:40 2015] [debug] GET "/gr".
[Tue Jul 14 12:44:40 2015] [debug] Routing to controller "GR::Controller::Medicao" and action "index".
[Tue Jul 14 12:44:40 2015] [debug] Rendering cached template "medicao/index.html.ep".
[Tue Jul 14 12:44:40 2015] [debug] Rendering cached template "layouts/default.html.ep".
[Tue Jul 14 12:44:40 2015] [debug] 200 OK (0.001723s, 580.383/s).
[Tue Jul 14 12:44:51 2015] [debug] GET "/gr".
[Tue Jul 14 12:44:51 2015] [debug] Routing to controller "GR::Controller::Medicao" and action "index".
[Tue Jul 14 12:44:51 2015] [debug] Rendering cached template "medicao/index.html.ep".
[Tue Jul 14 12:44:51 2015] [debug] Rendering cached template "layouts/default.html.ep".
[Tue Jul 14 12:44:51 2015] [debug] 200 OK (0.001538s, 650.195/s).
[Tue Jul 14 12:45:00 2015] [debug] GET "/gr".
[Tue Jul 14 12:45:00 2015] [debug] Routing to controller "GR::Controller::Medicao" and action "index".
[Tue Jul 14 12:45:00 2015] [debug] Rendering cached template "medicao/index.html.ep".
[Tue Jul 14 12:45:00 2015] [debug] Rendering cached template "layouts/default.html.ep".
[Tue Jul 14 12:45:00 2015] [debug] 200 OK (0.001927s, 518.941/s).
[Tue Jul 14 12:45:13 2015] [debug] GET "/gr".
[Tue Jul 14 12:45:13 2015] [debug] Routing to controller "GR::Controller::Medicao" and action "index".
[Tue Jul 14 12:45:13 2015] [debug] Rendering cached template "medicao/index.html.ep".
[Tue Jul 14 12:45:13 2015] [debug] Rendering cached template "layouts/default.html.ep".
[Tue Jul 14 12:45:13 2015] [debug] 200 OK (0.001971s, 507.357/s).
[Tue Jul 14 12:45:20 2015] [debug] GET "/gr".
[Tue Jul 14 12:45:20 2015] [debug] Routing to controller "GR::Controller::Medicao" and action "index".
[Tue Jul 14 12:45:20 2015] [debug] Rendering cached template "medicao/index.html.ep".
[Tue Jul 14 12:45:20 2015] [debug] Rendering cached template "layouts/default.html.ep".
[Tue Jul 14 12:45:20 2015] [debug] 200 OK (0.000829s, 1206.273/s).
[Tue Jul 14 12:45:32 2015] [debug] GET "/gr".
[Tue Jul 14 12:45:32 2015] [debug] Routing to controller "GR::Controller::Medicao" and action "index".
[Tue Jul 14 12:45:32 2015] [debug] Rendering cached template "medicao/index.html.ep".
[Tue Jul 14 12:45:32 2015] [debug] Rendering cached template "layouts/default.html.ep".
[Tue Jul 14 12:45:32 2015] [debug] 200 OK (0.001315s, 760.456/s).
[Tue Jul 14 12:45:46 2015] [debug] GET "/gr".
[Tue Jul 14 12:45:46 2015] [debug] Routing to controller "GR::Controller::Medicao" and action "index".
[Tue Jul 14 12:45:46 2015] [debug] Rendering cached template "medicao/index.html.ep".
[Tue Jul 14 12:45:46 2015] [debug] Rendering cached template "layouts/default.html.ep".
[Tue Jul 14 12:45:46 2015] [debug] 200 OK (0.001195s, 836.820/s).
[Tue Jul 14 13:33:20 2015] [debug] GET "/gr".
[Tue Jul 14 13:33:20 2015] [debug] Routing to controller "GR::Controller::Medicao" and action "index".
[Tue Jul 14 13:33:20 2015] [debug] Rendering cached template "medicao/index.html.ep".
[Tue Jul 14 13:33:20 2015] [debug] Rendering cached template "layouts/default.html.ep".
[Tue Jul 14 13:33:20 2015] [debug] 200 OK (0.001381s, 724.113/s).
[Tue Jul 14 13:34:24 2015] [debug] GET "/gr".
[Tue Jul 14 13:34:24 2015] [debug] Routing to controller "GR::Controller::Medicao" and action "index".
[Tue Jul 14 13:34:24 2015] [debug] Rendering cached template "medicao/index.html.ep".
[Tue Jul 14 13:34:24 2015] [debug] Rendering cached template "layouts/default.html.ep".
[Tue Jul 14 13:34:24 2015] [debug] 200 OK (0.001807s, 553.403/s).
[Tue Jul 14 13:34:43 2015] [debug] GET "/gr".
[Tue Jul 14 13:34:43 2015] [debug] Routing to controller "GR::Controller::Medicao" and action "index".
[Tue Jul 14 13:34:43 2015] [debug] Rendering cached template "medicao/index.html.ep".
[Tue Jul 14 13:34:43 2015] [debug] Rendering cached template "layouts/default.html.ep".
[Tue Jul 14 13:34:43 2015] [debug] 200 OK (0.001955s, 511.509/s).
[Tue Jul 14 13:34:45 2015] [debug] GET "/gr".
[Tue Jul 14 13:34:45 2015] [debug] Routing to controller "GR::Controller::Medicao" and action "index".
[Tue Jul 14 13:34:45 2015] [debug] Rendering cached template "medicao/index.html.ep".
[Tue Jul 14 13:34:45 2015] [debug] Rendering cached template "layouts/default.html.ep".
[Tue Jul 14 13:34:45 2015] [debug] 200 OK (0.002159s, 463.177/s).
[Tue Jul 14 13:35:07 2015] [debug] GET "/gr".
[Tue Jul 14 13:35:07 2015] [debug] Routing to controller "GR::Controller::Medicao" and action "index".
[Tue Jul 14 13:35:07 2015] [debug] Rendering cached template "medicao/index.html.ep".
[Tue Jul 14 13:35:07 2015] [debug] Rendering cached template "layouts/default.html.ep".
[Tue Jul 14 13:35:07 2015] [debug] 200 OK (0.001963s, 509.424/s).
[Tue Jul 14 13:37:26 2015] [debug] GET "/gr".
[Tue Jul 14 13:37:26 2015] [debug] Routing to controller "GR::Controller::Medicao" and action "index".
[Tue Jul 14 13:37:26 2015] [debug] Rendering cached template "medicao/index.html.ep".
[Tue Jul 14 13:37:26 2015] [debug] Rendering cached template "layouts/default.html.ep".
[Tue Jul 14 13:37:26 2015] [debug] 200 OK (0.001960s, 510.204/s).
[Tue Jul 14 13:38:43 2015] [debug] GET "/gr".
[Tue Jul 14 13:38:43 2015] [debug] Routing to controller "GR::Controller::Medicao" and action "index".
[Tue Jul 14 13:38:43 2015] [debug] Rendering cached template "medicao/index.html.ep".
[Tue Jul 14 13:38:43 2015] [debug] Rendering cached template "layouts/default.html.ep".
[Tue Jul 14 13:38:43 2015] [debug] 200 OK (0.001439s, 694.927/s).
[Tue Jul 14 13:39:04 2015] [debug] GET "/gr".
[Tue Jul 14 13:39:04 2015] [debug] Routing to controller "GR::Controller::Medicao" and action "index".
[Tue Jul 14 13:39:04 2015] [debug] Rendering cached template "medicao/index.html.ep".
[Tue Jul 14 13:39:04 2015] [debug] Rendering cached template "layouts/default.html.ep".
[Tue Jul 14 13:39:04 2015] [debug] 200 OK (0.001594s, 627.353/s).
[Tue Jul 14 13:39:24 2015] [debug] GET "/gr".
[Tue Jul 14 13:39:24 2015] [debug] Routing to controller "GR::Controller::Medicao" and action "index".
[Tue Jul 14 13:39:24 2015] [debug] Rendering cached template "medicao/index.html.ep".
[Tue Jul 14 13:39:24 2015] [debug] Rendering cached template "layouts/default.html.ep".
[Tue Jul 14 13:39:24 2015] [debug] 200 OK (0.001528s, 654.450/s).
[Tue Jul 14 13:39:39 2015] [debug] GET "/gr".
[Tue Jul 14 13:39:39 2015] [debug] Routing to controller "GR::Controller::Medicao" and action "index".
[Tue Jul 14 13:39:39 2015] [debug] Rendering cached template "medicao/index.html.ep".
[Tue Jul 14 13:39:39 2015] [debug] Rendering cached template "layouts/default.html.ep".
[Tue Jul 14 13:39:39 2015] [debug] 200 OK (0.001773s, 564.016/s).
[Tue Jul 14 13:39:55 2015] [debug] GET "/gr".
[Tue Jul 14 13:39:55 2015] [debug] Routing to controller "GR::Controller::Medicao" and action "index".
[Tue Jul 14 13:39:55 2015] [debug] Rendering cached template "medicao/index.html.ep".
[Tue Jul 14 13:39:55 2015] [debug] Rendering cached template "layouts/default.html.ep".
[Tue Jul 14 13:39:55 2015] [debug] 200 OK (0.002634s, 379.651/s).
[Tue Jul 14 13:40:04 2015] [debug] GET "/gr".
[Tue Jul 14 13:40:04 2015] [debug] Routing to controller "GR::Controller::Medicao" and action "index".
[Tue Jul 14 13:40:04 2015] [debug] Rendering cached template "medicao/index.html.ep".
[Tue Jul 14 13:40:04 2015] [debug] Rendering cached template "layouts/default.html.ep".
[Tue Jul 14 13:40:04 2015] [debug] 200 OK (0.002303s, 434.216/s).
[Tue Jul 14 13:40:24 2015] [debug] GET "/gr".
[Tue Jul 14 13:40:24 2015] [debug] Routing to controller "GR::Controller::Medicao" and action "index".
[Tue Jul 14 13:40:24 2015] [debug] Rendering cached template "medicao/index.html.ep".
[Tue Jul 14 13:40:24 2015] [debug] Rendering cached template "layouts/default.html.ep".
[Tue Jul 14 13:40:24 2015] [debug] 200 OK (0.003435s, 291.121/s).
[Tue Jul 14 13:40:54 2015] [debug] GET "/gr".
[Tue Jul 14 13:40:54 2015] [debug] Routing to controller "GR::Controller::Medicao" and action "index".
[Tue Jul 14 13:40:54 2015] [debug] Rendering cached template "medicao/index.html.ep".
[Tue Jul 14 13:40:54 2015] [debug] Rendering cached template "layouts/default.html.ep".
[Tue Jul 14 13:40:54 2015] [debug] 200 OK (0.001757s, 569.152/s).
[Tue Jul 14 13:41:23 2015] [debug] GET "/gr".
[Tue Jul 14 13:41:23 2015] [debug] Routing to controller "GR::Controller::Medicao" and action "index".
[Tue Jul 14 13:41:23 2015] [debug] Rendering cached template "medicao/index.html.ep".
[Tue Jul 14 13:41:23 2015] [debug] Rendering cached template "layouts/default.html.ep".
[Tue Jul 14 13:41:23 2015] [debug] 200 OK (0.002333s, 428.633/s).
[Tue Jul 14 13:41:32 2015] [debug] GET "/gr".
[Tue Jul 14 13:41:32 2015] [debug] Routing to controller "GR::Controller::Medicao" and action "index".
[Tue Jul 14 13:41:32 2015] [debug] Rendering cached template "medicao/index.html.ep".
[Tue Jul 14 13:41:32 2015] [debug] Rendering cached template "layouts/default.html.ep".
[Tue Jul 14 13:41:32 2015] [debug] 200 OK (0.001553s, 643.915/s).
[Tue Jul 14 13:45:20 2015] [debug] Your secret passphrase needs to be changed!!!
[Tue Jul 14 13:45:20 2015] [debug] GET "/gr".
[Tue Jul 14 13:45:20 2015] [debug] Routing to controller "GR::Controller::Medicao" and action "index".
[Tue Jul 14 13:45:20 2015] [debug] Rendering template "medicao/index.html.ep".
[Tue Jul 14 13:45:20 2015] [debug] Rendering template "layouts/default.html.ep".
[Tue Jul 14 13:45:20 2015] [debug] 200 OK (0.005469s, 182.849/s).
[Tue Jul 14 13:45:37 2015] [debug] GET "/gr".
[Tue Jul 14 13:45:37 2015] [debug] Routing to controller "GR::Controller::Medicao" and action "index".
[Tue Jul 14 13:45:37 2015] [debug] Rendering cached template "medicao/index.html.ep".
[Tue Jul 14 13:45:37 2015] [debug] Rendering cached template "layouts/default.html.ep".
[Tue Jul 14 13:45:37 2015] [debug] 200 OK (0.001984s, 504.032/s).
[Tue Jul 14 13:45:44 2015] [debug] GET "/gr".
[Tue Jul 14 13:45:44 2015] [debug] Routing to controller "GR::Controller::Medicao" and action "index".
[Tue Jul 14 13:45:44 2015] [debug] Rendering cached template "medicao/index.html.ep".
[Tue Jul 14 13:45:44 2015] [debug] Rendering cached template "layouts/default.html.ep".
[Tue Jul 14 13:45:44 2015] [debug] 200 OK (0.002910s, 343.643/s).
[Tue Jul 14 13:46:02 2015] [debug] GET "/gr".
[Tue Jul 14 13:46:02 2015] [debug] Routing to controller "GR::Controller::Medicao" and action "index".
[Tue Jul 14 13:46:02 2015] [debug] Rendering cached template "medicao/index.html.ep".
[Tue Jul 14 13:46:02 2015] [debug] Rendering cached template "layouts/default.html.ep".
[Tue Jul 14 13:46:02 2015] [debug] 200 OK (0.001693s, 590.667/s).
[Tue Jul 14 13:46:40 2015] [debug] GET "/gr".
[Tue Jul 14 13:46:40 2015] [debug] Routing to controller "GR::Controller::Medicao" and action "index".
[Tue Jul 14 13:46:40 2015] [debug] Rendering cached template "medicao/index.html.ep".
[Tue Jul 14 13:46:40 2015] [debug] Rendering cached template "layouts/default.html.ep".
[Tue Jul 14 13:46:40 2015] [debug] 200 OK (0.001957s, 510.986/s).
[Tue Jul 14 13:47:03 2015] [debug] GET "/gr".
[Tue Jul 14 13:47:03 2015] [debug] Routing to controller "GR::Controller::Medicao" and action "index".
[Tue Jul 14 13:47:03 2015] [debug] Rendering cached template "medicao/index.html.ep".
[Tue Jul 14 13:47:03 2015] [debug] Rendering cached template "layouts/default.html.ep".
[Tue Jul 14 13:47:03 2015] [debug] 200 OK (0.000948s, 1054.852/s).
[Tue Jul 14 13:47:28 2015] [debug] GET "/gr".
[Tue Jul 14 13:47:28 2015] [debug] Routing to controller "GR::Controller::Medicao" and action "index".
[Tue Jul 14 13:47:28 2015] [debug] Rendering cached template "medicao/index.html.ep".
[Tue Jul 14 13:47:28 2015] [debug] Rendering cached template "layouts/default.html.ep".
[Tue Jul 14 13:47:28 2015] [debug] 200 OK (0.001793s, 557.724/s).
[Tue Jul 14 13:49:54 2015] [debug] Your secret passphrase needs to be changed!!!
[Tue Jul 14 13:49:54 2015] [debug] GET "/gr".
[Tue Jul 14 13:49:54 2015] [debug] Routing to controller "GR::Controller::Medicao" and action "index".
[Tue Jul 14 13:49:54 2015] [debug] Rendering template "medicao/index.html.ep".
[Tue Jul 14 13:49:54 2015] [debug] Rendering template "layouts/default.html.ep".
[Tue Jul 14 13:49:54 2015] [debug] 200 OK (0.013293s, 75.228/s).
[Tue Jul 14 13:49:54 2015] [debug] Your secret passphrase needs to be changed!!!
[Tue Jul 14 14:03:06 2015] [debug] Your secret passphrase needs to be changed!!!
[Tue Jul 14 14:03:06 2015] [debug] GET "/gr".
[Tue Jul 14 14:03:06 2015] [debug] Routing to controller "GR::Controller::Medicao" and action "index".
[Tue Jul 14 14:03:06 2015] [debug] Rendering template "medicao/index.html.ep".
[Tue Jul 14 14:03:06 2015] [debug] Rendering template "layouts/default.html.ep".
[Tue Jul 14 14:03:06 2015] [debug] 200 OK (0.017817s, 56.126/s).
[Tue Jul 14 14:05:18 2015] [debug] Your secret passphrase needs to be changed!!!
[Tue Jul 14 14:05:18 2015] [debug] GET "/gr".
[Tue Jul 14 14:05:18 2015] [debug] Routing to controller "GR::Controller::Medicao" and action "index".
[Tue Jul 14 14:05:18 2015] [debug] Rendering template "medicao/index.html.ep".
[Tue Jul 14 14:05:18 2015] [debug] Rendering template "layouts/default.html.ep".
[Tue Jul 14 14:05:18 2015] [debug] 200 OK (0.015234s, 65.643/s).
[Tue Jul 14 14:06:33 2015] [debug] Your secret passphrase needs to be changed!!!
[Tue Jul 14 14:06:33 2015] [debug] GET "/gr".
[Tue Jul 14 14:06:33 2015] [debug] Routing to controller "GR::Controller::Medicao" and action "index".
[Tue Jul 14 14:06:33 2015] [debug] Rendering template "medicao/index.html.ep".
[Tue Jul 14 14:06:33 2015] [debug] Rendering template "layouts/default.html.ep".
[Tue Jul 14 14:06:33 2015] [debug] 200 OK (0.013325s, 75.047/s).
[Tue Jul 14 14:07:08 2015] [debug] Your secret passphrase needs to be changed!!!
[Tue Jul 14 14:07:08 2015] [debug] GET "/gr".
[Tue Jul 14 14:07:08 2015] [debug] Routing to controller "GR::Controller::Medicao" and action "index".
[Tue Jul 14 14:07:08 2015] [debug] Rendering template "medicao/index.html.ep".
[Tue Jul 14 14:07:08 2015] [debug] Rendering template "layouts/default.html.ep".
[Tue Jul 14 14:07:08 2015] [debug] 200 OK (0.012229s, 81.773/s).
[Tue Jul 14 14:13:21 2015] [debug] Your secret passphrase needs to be changed!!!
[Tue Jul 14 14:13:21 2015] [debug] GET "/gr".
[Tue Jul 14 14:13:21 2015] [debug] Routing to controller "GR::Controller::Medicao" and action "index".
[Tue Jul 14 14:13:21 2015] [debug] Rendering template "medicao/index.html.ep".
[Tue Jul 14 14:13:21 2015] [debug] Rendering template "layouts/default.html.ep".
[Tue Jul 14 14:13:21 2015] [debug] 200 OK (0.013649s, 73.265/s).
[Tue Jul 14 14:13:37 2015] [debug] Your secret passphrase needs to be changed!!!
[Tue Jul 14 14:13:37 2015] [debug] GET "/gr".
[Tue Jul 14 14:13:37 2015] [debug] Routing to controller "GR::Controller::Medicao" and action "index".
[Tue Jul 14 14:13:37 2015] [debug] Rendering template "medicao/index.html.ep".
[Tue Jul 14 14:13:37 2015] [debug] Rendering template "layouts/default.html.ep".
[Tue Jul 14 14:13:37 2015] [debug] 200 OK (0.005545s, 180.343/s).
[Tue Jul 14 14:14:00 2015] [debug] GET "/gr".
[Tue Jul 14 14:14:00 2015] [debug] Routing to controller "GR::Controller::Medicao" and action "index".
[Tue Jul 14 14:14:00 2015] [debug] Rendering cached template "medicao/index.html.ep".
[Tue Jul 14 14:14:00 2015] [debug] Rendering cached template "layouts/default.html.ep".
[Tue Jul 14 14:14:00 2015] [debug] 200 OK (0.001641s, 609.385/s).
[Tue Jul 14 14:14:22 2015] [debug] Your secret passphrase needs to be changed!!!
[Tue Jul 14 14:14:22 2015] [debug] GET "/gr".
[Tue Jul 14 14:14:22 2015] [debug] Routing to controller "GR::Controller::Medicao" and action "index".
[Tue Jul 14 14:14:22 2015] [debug] Rendering template "medicao/index.html.ep".
[Tue Jul 14 14:14:22 2015] [debug] Rendering template "layouts/default.html.ep".
[Tue Jul 14 14:14:22 2015] [debug] 200 OK (0.007367s, 135.740/s).
[Tue Jul 14 14:15:00 2015] [debug] Your secret passphrase needs to be changed!!!
[Tue Jul 14 14:15:00 2015] [debug] GET "/gr".
[Tue Jul 14 14:15:00 2015] [debug] Routing to controller "GR::Controller::Medicao" and action "index".
[Tue Jul 14 14:15:00 2015] [debug] Rendering template "medicao/index.html.ep".
[Tue Jul 14 14:15:00 2015] [debug] Rendering template "layouts/default.html.ep".
[Tue Jul 14 14:15:00 2015] [debug] 200 OK (0.012178s, 82.115/s).
[Tue Jul 14 14:15:08 2015] [debug] GET "/gr".
[Tue Jul 14 14:15:08 2015] [debug] Routing to controller "GR::Controller::Medicao" and action "index".
[Tue Jul 14 14:15:08 2015] [debug] Rendering cached template "medicao/index.html.ep".
[Tue Jul 14 14:15:08 2015] [debug] Rendering cached template "layouts/default.html.ep".
[Tue Jul 14 14:15:08 2015] [debug] 200 OK (0.001516s, 659.631/s).
[Tue Jul 14 14:15:53 2015] [debug] GET "/gr".
[Tue Jul 14 14:15:53 2015] [debug] Routing to controller "GR::Controller::Medicao" and action "index".
[Tue Jul 14 14:15:53 2015] [debug] Rendering cached template "medicao/index.html.ep".
[Tue Jul 14 14:15:53 2015] [debug] Rendering cached template "layouts/default.html.ep".
[Tue Jul 14 14:15:53 2015] [debug] 200 OK (0.001296s, 771.605/s).
[Tue Jul 14 14:16:43 2015] [debug] Your secret passphrase needs to be changed!!!
[Tue Jul 14 14:16:43 2015] [debug] GET "/gr".
[Tue Jul 14 14:16:43 2015] [debug] Routing to controller "GR::Controller::Medicao" and action "index".
[Tue Jul 14 14:16:43 2015] [debug] Rendering template "medicao/index.html.ep".
[Tue Jul 14 14:16:43 2015] [debug] Rendering template "layouts/default.html.ep".
[Tue Jul 14 14:16:43 2015] [debug] 200 OK (0.012500s, 80.000/s).
[Tue Jul 14 14:17:04 2015] [debug] Your secret passphrase needs to be changed!!!
[Tue Jul 14 14:17:04 2015] [debug] GET "/gr".
[Tue Jul 14 14:17:04 2015] [debug] Routing to controller "GR::Controller::Medicao" and action "index".
[Tue Jul 14 14:17:04 2015] [debug] Rendering template "medicao/index.html.ep".
[Tue Jul 14 14:17:04 2015] [debug] Rendering template "layouts/default.html.ep".
[Tue Jul 14 14:17:04 2015] [debug] 200 OK (0.012340s, 81.037/s).
[Tue Jul 14 14:17:18 2015] [debug] Your secret passphrase needs to be changed!!!
[Tue Jul 14 14:17:18 2015] [debug] GET "/gr".
[Tue Jul 14 14:17:18 2015] [debug] Routing to controller "GR::Controller::Medicao" and action "index".
[Tue Jul 14 14:17:18 2015] [debug] Rendering template "medicao/index.html.ep".
[Tue Jul 14 14:17:18 2015] [debug] Rendering template "layouts/default.html.ep".
[Tue Jul 14 14:17:18 2015] [debug] 200 OK (0.008252s, 121.183/s).
[Tue Jul 14 14:17:33 2015] [debug] Your secret passphrase needs to be changed!!!
[Tue Jul 14 14:17:33 2015] [debug] GET "/gr".
[Tue Jul 14 14:17:33 2015] [debug] Routing to controller "GR::Controller::Medicao" and action "index".
[Tue Jul 14 14:17:33 2015] [debug] Rendering template "medicao/index.html.ep".
[Tue Jul 14 14:17:33 2015] [debug] Rendering template "layouts/default.html.ep".
[Tue Jul 14 14:17:33 2015] [debug] 200 OK (0.012119s, 82.515/s).
[Tue Jul 14 14:17:52 2015] [debug] GET "/gr".
[Tue Jul 14 14:17:52 2015] [debug] Routing to controller "GR::Controller::Medicao" and action "index".
[Tue Jul 14 14:17:52 2015] [debug] Rendering cached template "medicao/index.html.ep".
[Tue Jul 14 14:17:52 2015] [debug] Rendering cached template "layouts/default.html.ep".
[Tue Jul 14 14:17:52 2015] [debug] 200 OK (0.001531s, 653.168/s).
[Tue Jul 14 14:17:54 2015] [debug] GET "/gr".
[Tue Jul 14 14:17:54 2015] [debug] Routing to controller "GR::Controller::Medicao" and action "index".
[Tue Jul 14 14:17:54 2015] [debug] Rendering cached template "medicao/index.html.ep".
[Tue Jul 14 14:17:54 2015] [debug] Rendering cached template "layouts/default.html.ep".
[Tue Jul 14 14:17:54 2015] [debug] 200 OK (0.001521s, 657.462/s).
[Tue Jul 14 14:17:59 2015] [debug] Your secret passphrase needs to be changed!!!
[Tue Jul 14 14:17:59 2015] [debug] GET "/gr".
[Tue Jul 14 14:17:59 2015] [debug] Routing to controller "GR::Controller::Medicao" and action "index".
[Tue Jul 14 14:17:59 2015] [debug] Rendering template "medicao/index.html.ep".
[Tue Jul 14 14:17:59 2015] [debug] Rendering template "layouts/default.html.ep".
[Tue Jul 14 14:17:59 2015] [debug] 200 OK (0.005881s, 170.039/s).
[Tue Jul 14 14:49:43 2015] [debug] Your secret passphrase needs to be changed!!!
[Tue Jul 14 14:49:43 2015] [debug] GET "/gr".
[Tue Jul 14 14:49:43 2015] [debug] Routing to controller "GR::Controller::Medicao" and action "index".
[Tue Jul 14 14:49:43 2015] [debug] Rendering template "medicao/index.html.ep".
[Tue Jul 14 14:49:43 2015] [debug] Rendering template "layouts/default.html.ep".
[Tue Jul 14 14:49:43 2015] [debug] 200 OK (0.011650s, 85.837/s).
[Tue Jul 14 14:52:04 2015] [debug] Your secret passphrase needs to be changed!!!
[Tue Jul 14 14:52:04 2015] [debug] GET "/gr".
[Tue Jul 14 14:52:04 2015] [debug] Routing to controller "GR::Controller::Medicao" and action "index".
[Tue Jul 14 14:52:04 2015] [debug] Rendering template "medicao/index.html.ep".
[Tue Jul 14 14:52:04 2015] [debug] Rendering template "layouts/default.html.ep".
[Tue Jul 14 14:52:04 2015] [debug] 200 OK (0.011877s, 84.196/s).
[Tue Jul 14 17:41:09 2015] [info] Listening at "http://*:3000".
[Tue Jul 14 17:41:21 2015] [debug] Your secret passphrase needs to be changed!!!
[Tue Jul 14 17:41:21 2015] [debug] GET "/".
[Tue Jul 14 17:41:21 2015] [debug] Routing to controller "GR::Controller::Home" and action "index".
[Tue Jul 14 17:41:21 2015] [debug] Rendering template "home/index.html.ep".
[Tue Jul 14 17:41:21 2015] [debug] Rendering template "layouts/default.html.ep".
[Tue Jul 14 17:41:21 2015] [debug] 200 OK (0.039369s, 25.401/s).
[Tue Jul 14 17:41:30 2015] [debug] GET "/gr".
[Tue Jul 14 17:41:30 2015] [debug] Routing to controller "GR::Controller::Medicao" and action "index".
[Tue Jul 14 17:41:30 2015] [debug] Rendering template "medicao/index.html.ep".
[Tue Jul 14 17:41:30 2015] [debug] Rendering template "layouts/default.html.ep".
[Tue Jul 14 17:41:30 2015] [debug] 200 OK (0.013044s, 76.664/s).
[Tue Jul 14 17:42:02 2015] [debug] Your secret passphrase needs to be changed!!!
[Tue Jul 14 17:42:02 2015] [debug] GET "/gr".
[Tue Jul 14 17:42:02 2015] [debug] Routing to controller "GR::Controller::Medicao" and action "index".
[Tue Jul 14 17:42:02 2015] [debug] Rendering template "medicao/index.html.ep".
[Tue Jul 14 17:42:02 2015] [debug] Rendering template "layouts/default.html.ep".
[Tue Jul 14 17:42:02 2015] [debug] 200 OK (0.016278s, 61.433/s).
[Tue Jul 14 17:42:33 2015] [debug] Your secret passphrase needs to be changed!!!
[Tue Jul 14 17:42:33 2015] [debug] GET "/".
[Tue Jul 14 17:42:33 2015] [debug] Routing to controller "GR::Controller::Home" and action "index".
[Tue Jul 14 17:42:33 2015] [debug] Rendering template "home/index.html.ep".
[Tue Jul 14 17:42:33 2015] [debug] Rendering template "layouts/default.html.ep".
[Tue Jul 14 17:42:33 2015] [debug] 200 OK (0.004261s, 234.687/s).
[Tue Jul 14 17:43:41 2015] [debug] Your secret passphrase needs to be changed!!!
[Tue Jul 14 17:43:41 2015] [debug] GET "/".
[Tue Jul 14 17:43:41 2015] [debug] Routing to controller "GR::Controller::Home" and action "index".
[Tue Jul 14 17:43:41 2015] [debug] Rendering template "home/index.html.ep".
[Tue Jul 14 17:43:41 2015] [error] Global symbol "$msg" requires explicit package name at template home/index.html.ep line 3.
1: % layout 'default';
2: % title 'Welcome';
3: <h2><%= $msg %></h2>
4: This page was generated from the template "templates/example/welcome.html.ep"
5: and the layout "templates/layouts/default.html.ep",
6: <a href="<%== url_for %>">click here</a> to reload the page or
7: <a href="/index.html">here</a> to move forward to a static page.

[Tue Jul 14 17:43:41 2015] [debug] Template "exception.development.html.ep" not found.
[Tue Jul 14 17:43:41 2015] [debug] Template "exception.html.ep" not found.
[Tue Jul 14 17:43:41 2015] [debug] Rendering inline template "f1dc5ae11294c9115f24b13adf9a9165".
[Tue Jul 14 17:43:41 2015] [debug] Rendering inline template "4fcf2af99f1803a7a26c2e9b04430f8c".
[Tue Jul 14 17:43:41 2015] [debug] 500 Internal Server Error (0.029662s, 33.713/s).
[Tue Jul 14 17:44:21 2015] [debug] Your secret passphrase needs to be changed!!!
[Tue Jul 14 17:44:21 2015] [debug] GET "/".
[Tue Jul 14 17:44:21 2015] [debug] Routing to controller "GR::Controller::Home" and action "index".
[Tue Jul 14 17:44:21 2015] [debug] Rendering template "home/index.html.ep".
[Tue Jul 14 17:44:21 2015] [error] Global symbol "$msg" requires explicit package name at template home/index.html.ep line 3.
1: % layout 'default';
2: % title 'Welcome';
3: <!--<h2><%= $msg %></h2>-->
4: This page was generated from the template "templates/example/welcome.html.ep"
5: and the layout "templates/layouts/default.html.ep",
6: <a href="<%== url_for %>">click here</a> to reload the page or
7: <a href="/index.html">here</a> to move forward to a static page.

[Tue Jul 14 17:44:21 2015] [debug] Template "exception.development.html.ep" not found.
[Tue Jul 14 17:44:21 2015] [debug] Template "exception.html.ep" not found.
[Tue Jul 14 17:44:21 2015] [debug] Rendering inline template "f1dc5ae11294c9115f24b13adf9a9165".
[Tue Jul 14 17:44:21 2015] [debug] Rendering inline template "4fcf2af99f1803a7a26c2e9b04430f8c".
[Tue Jul 14 17:44:21 2015] [debug] 500 Internal Server Error (0.034048s, 29.370/s).
[Tue Jul 14 17:44:47 2015] [debug] Your secret passphrase needs to be changed!!!
[Tue Jul 14 17:44:47 2015] [debug] GET "/".
[Tue Jul 14 17:44:47 2015] [debug] Routing to controller "GR::Controller::Home" and action "index".
[Tue Jul 14 17:44:47 2015] [debug] Rendering template "home/index.html.ep".
[Tue Jul 14 17:44:47 2015] [debug] Rendering template "layouts/default.html.ep".
[Tue Jul 14 17:44:47 2015] [debug] 200 OK (0.008057s, 124.116/s).
[Tue Jul 14 17:45:01 2015] [debug] GET "/".
[Tue Jul 14 17:45:01 2015] [debug] Routing to controller "GR::Controller::Home" and action "index".
[Tue Jul 14 17:45:01 2015] [debug] Rendering cached template "home/index.html.ep".
[Tue Jul 14 17:45:01 2015] [debug] Rendering cached template "layouts/default.html.ep".
[Tue Jul 14 17:45:01 2015] [debug] 200 OK (0.002241s, 446.229/s).
[Tue Jul 14 17:45:16 2015] [debug] Your secret passphrase needs to be changed!!!
[Tue Jul 14 17:45:16 2015] [debug] GET "/".
[Tue Jul 14 17:45:16 2015] [debug] Routing to controller "GR::Controller::Home" and action "index".
[Tue Jul 14 17:45:16 2015] [debug] Rendering template "home/index.html.ep".
[Tue Jul 14 17:45:16 2015] [debug] Rendering template "layouts/default.html.ep".
[Tue Jul 14 17:45:16 2015] [debug] 200 OK (0.011671s, 85.682/s).
[Tue Jul 14 17:45:46 2015] [debug] Your secret passphrase needs to be changed!!!
[Tue Jul 14 17:45:46 2015] [debug] GET "/".
[Tue Jul 14 17:45:46 2015] [debug] Routing to controller "GR::Controller::Home" and action "index".
[Tue Jul 14 17:45:46 2015] [debug] Rendering template "home/index.html.ep".
[Tue Jul 14 17:45:46 2015] [debug] Rendering template "layouts/default.html.ep".
[Tue Jul 14 17:45:46 2015] [debug] 200 OK (0.014020s, 71.327/s).
[Tue Jul 14 17:45:54 2015] [debug] GET "/gr".
[Tue Jul 14 17:45:54 2015] [debug] Routing to controller "GR::Controller::Medicao" and action "index".
[Tue Jul 14 17:45:54 2015] [debug] Rendering template "medicao/index.html.ep".
[Tue Jul 14 17:45:54 2015] [debug] Rendering template "layouts/principal.html.ep".
[Tue Jul 14 17:45:54 2015] [debug] 200 OK (0.004165s, 240.096/s).
[Tue Jul 14 18:02:03 2015] [debug] Your secret passphrase needs to be changed!!!
[Tue Jul 14 18:02:03 2015] [debug] GET "/report/chamado".
[Tue Jul 14 18:02:03 2015] [debug] Routing to controller "GR::Controller::Medicao" and action "chamado".
[Tue Jul 14 18:02:03 2015] [debug] Rendering template "medicao/chamado.html.ep".
[Tue Jul 14 18:02:03 2015] [debug] Rendering template "layouts/principal.html.ep".
[Tue Jul 14 18:02:03 2015] [debug] 200 OK (0.004860s, 205.761/s).
[Tue Jul 14 18:02:12 2015] [debug] GET "/report/servico".
[Tue Jul 14 18:02:12 2015] [debug] Routing to controller "GR::Controller::Medicao" and action "servico".
[Tue Jul 14 18:02:12 2015] [debug] Action not found in controller.
[Tue Jul 14 18:02:12 2015] [debug] Template "medicao/servico.html.ep" not found.
[Tue Jul 14 18:02:12 2015] [debug] Template "not_found.development.html.ep" not found.
[Tue Jul 14 18:02:12 2015] [debug] Template "not_found.html.ep" not found.
[Tue Jul 14 18:02:12 2015] [debug] Rendering inline template "f1dc5ae11294c9115f24b13adf9a9165".
[Tue Jul 14 18:02:12 2015] [debug] Rendering inline template "4fcf2af99f1803a7a26c2e9b04430f8c".
[Tue Jul 14 18:02:12 2015] [debug] 404 Not Found (0.021670s, 46.147/s).
[Tue Jul 14 18:04:45 2015] [debug] Your secret passphrase needs to be changed!!!
[Tue Jul 14 18:04:45 2015] [debug] GET "/report/servico".
[Tue Jul 14 18:04:45 2015] [debug] Routing to controller "GR::Controller::Medicao" and action "servico".
[Tue Jul 14 18:04:45 2015] [debug] Rendering template "medicao/servico.html.ep".
[Tue Jul 14 18:04:45 2015] [debug] Rendering template "layouts/principal.html.ep".
[Tue Jul 14 18:04:45 2015] [debug] 200 OK (0.008789s, 113.779/s).
[Tue Jul 14 18:04:45 2015] [debug] Your secret passphrase needs to be changed!!!
[Tue Jul 14 18:04:58 2015] [debug] GET "/report/chamado".
[Tue Jul 14 18:04:58 2015] [debug] Routing to controller "GR::Controller::Medicao" and action "chamado".
[Tue Jul 14 18:04:58 2015] [debug] Rendering template "medicao/chamado.html.ep".
[Tue Jul 14 18:04:58 2015] [debug] Rendering template "layouts/principal.html.ep".
[Tue Jul 14 18:04:58 2015] [debug] 200 OK (0.007599s, 131.596/s).
[Tue Jul 14 18:06:10 2015] [debug] Your secret passphrase needs to be changed!!!
[Tue Jul 14 18:06:10 2015] [debug] GET "/report/chamado".
[Tue Jul 14 18:06:10 2015] [debug] Routing to controller "GR::Controller::Medicao" and action "chamado".
[Tue Jul 14 18:06:10 2015] [debug] Rendering template "medicao/chamado.html.ep".
[Tue Jul 14 18:06:10 2015] [debug] Rendering template "layouts/principal.html.ep".
[Tue Jul 14 18:06:10 2015] [debug] 200 OK (0.009006s, 111.037/s).
[Tue Jul 14 18:08:14 2015] [debug] Your secret passphrase needs to be changed!!!
[Tue Jul 14 18:08:14 2015] [debug] GET "/report/chamado".
[Tue Jul 14 18:08:14 2015] [debug] Routing to controller "GR::Controller::Medicao" and action "chamado".
[Tue Jul 14 18:08:14 2015] [debug] Rendering template "medicao/chamado.html.ep".
[Tue Jul 14 18:08:14 2015] [debug] Rendering template "layouts/principal.html.ep".
[Tue Jul 14 18:08:14 2015] [debug] 200 OK (0.011527s, 86.753/s).
[Tue Jul 14 18:08:15 2015] [debug] GET "/report/servico".
[Tue Jul 14 18:08:15 2015] [debug] Routing to controller "GR::Controller::Medicao" and action "servico".
[Tue Jul 14 18:08:15 2015] [debug] Rendering template "medicao/servico.html.ep".
[Tue Jul 14 18:08:15 2015] [debug] Rendering cached template "layouts/principal.html.ep".
[Tue Jul 14 18:08:15 2015] [debug] 200 OK (0.003304s, 302.663/s).
[Tue Jul 14 18:08:16 2015] [debug] GET "/report/chamado".
[Tue Jul 14 18:08:16 2015] [debug] Routing to controller "GR::Controller::Medicao" and action "chamado".
[Tue Jul 14 18:08:16 2015] [debug] Rendering cached template "medicao/chamado.html.ep".
[Tue Jul 14 18:08:16 2015] [debug] Rendering cached template "layouts/principal.html.ep".
[Tue Jul 14 18:08:16 2015] [debug] 200 OK (0.002105s, 475.059/s).
[Tue Jul 14 18:08:17 2015] [debug] GET "/report/servico".
[Tue Jul 14 18:08:17 2015] [debug] Routing to controller "GR::Controller::Medicao" and action "servico".
[Tue Jul 14 18:08:17 2015] [debug] Rendering cached template "medicao/servico.html.ep".
[Tue Jul 14 18:08:17 2015] [debug] Rendering cached template "layouts/principal.html.ep".
[Tue Jul 14 18:08:17 2015] [debug] 200 OK (0.000727s, 1375.516/s).
[Tue Jul 14 18:08:18 2015] [debug] GET "/report/chamado".
[Tue Jul 14 18:08:18 2015] [debug] Routing to controller "GR::Controller::Medicao" and action "chamado".
[Tue Jul 14 18:08:18 2015] [debug] Rendering cached template "medicao/chamado.html.ep".
[Tue Jul 14 18:08:18 2015] [debug] Rendering cached template "layouts/principal.html.ep".
[Tue Jul 14 18:08:18 2015] [debug] 200 OK (0.001569s, 637.349/s).
[Tue Jul 14 18:08:19 2015] [debug] GET "/report/servico".
[Tue Jul 14 18:08:19 2015] [debug] Routing to controller "GR::Controller::Medicao" and action "servico".
[Tue Jul 14 18:08:19 2015] [debug] Rendering cached template "medicao/servico.html.ep".
[Tue Jul 14 18:08:19 2015] [debug] Rendering cached template "layouts/principal.html.ep".
[Tue Jul 14 18:08:19 2015] [debug] 200 OK (0.001491s, 670.691/s).
[Tue Jul 14 18:08:20 2015] [debug] GET "/report/chamado".
[Tue Jul 14 18:08:20 2015] [debug] Routing to controller "GR::Controller::Medicao" and action "chamado".
[Tue Jul 14 18:08:20 2015] [debug] Rendering cached template "medicao/chamado.html.ep".
[Tue Jul 14 18:08:20 2015] [debug] Rendering cached template "layouts/principal.html.ep".
[Tue Jul 14 18:08:20 2015] [debug] 200 OK (0.001537s, 650.618/s).
[Tue Jul 14 18:08:20 2015] [debug] GET "/report/servico".
[Tue Jul 14 18:08:20 2015] [debug] Routing to controller "GR::Controller::Medicao" and action "servico".
[Tue Jul 14 18:08:20 2015] [debug] Rendering cached template "medicao/servico.html.ep".
[Tue Jul 14 18:08:20 2015] [debug] Rendering cached template "layouts/principal.html.ep".
[Tue Jul 14 18:08:20 2015] [debug] 200 OK (0.001564s, 639.386/s).
[Tue Jul 14 21:16:00 2015] [info] Listening at "http://*:3000".
[Tue Jul 14 21:16:22 2015] [debug] Your secret passphrase needs to be changed!!!
[Tue Jul 14 21:16:22 2015] [debug] GET "/".
[Tue Jul 14 21:16:22 2015] [debug] Routing to controller "GR::Controller::Home" and action "index".
[Tue Jul 14 21:16:22 2015] [debug] Rendering template "home/index.html.ep".
[Tue Jul 14 21:16:22 2015] [debug] Rendering template "layouts/default.html.ep".
[Tue Jul 14 21:16:22 2015] [debug] 200 OK (0.136579s, 7.322/s).
[Tue Jul 14 21:17:45 2015] [debug] Your secret passphrase needs to be changed!!!
[Tue Jul 14 21:17:45 2015] [debug] GET "/home".
[Tue Jul 14 21:17:45 2015] [debug] Template "not_found.development.html.ep" not found.
[Tue Jul 14 21:17:45 2015] [debug] Template "not_found.html.ep" not found.
[Tue Jul 14 21:17:45 2015] [debug] Rendering inline template "f1dc5ae11294c9115f24b13adf9a9165".
[Tue Jul 14 21:17:45 2015] [debug] Rendering inline template "4fcf2af99f1803a7a26c2e9b04430f8c".
[Tue Jul 14 21:17:45 2015] [debug] 404 Not Found (0.027116s, 36.879/s).
[Tue Jul 14 21:18:52 2015] [debug] Your secret passphrase needs to be changed!!!
[Tue Jul 14 21:18:52 2015] [debug] GET "/report/chamado".
[Tue Jul 14 21:18:52 2015] [debug] Routing to controller "GR::Controller::Medicao" and action "chamado".
[Tue Jul 14 21:18:52 2015] [debug] Rendering template "medicao/chamado.html.ep".
[Tue Jul 14 21:18:52 2015] [debug] Rendering template "layouts/principal.html.ep".
[Tue Jul 14 21:18:52 2015] [debug] 200 OK (0.074640s, 13.398/s).
[Tue Jul 14 21:18:54 2015] [debug] GET "/report/servico".
[Tue Jul 14 21:18:54 2015] [debug] Routing to controller "GR::Controller::Medicao" and action "servico".
[Tue Jul 14 21:18:54 2015] [debug] Rendering template "medicao/servico.html.ep".
[Tue Jul 14 21:18:54 2015] [debug] Rendering cached template "layouts/principal.html.ep".
[Tue Jul 14 21:18:54 2015] [debug] 200 OK (0.003034s, 329.598/s).
[Tue Jul 14 21:18:56 2015] [debug] GET "/report/chamado".
[Tue Jul 14 21:18:56 2015] [debug] Routing to controller "GR::Controller::Medicao" and action "chamado".
[Tue Jul 14 21:18:56 2015] [debug] Rendering cached template "medicao/chamado.html.ep".
[Tue Jul 14 21:18:56 2015] [debug] Rendering cached template "layouts/principal.html.ep".
[Tue Jul 14 21:18:56 2015] [debug] 200 OK (0.001523s, 656.599/s).
[Tue Jul 14 21:18:57 2015] [debug] GET "/report/servico".
[Tue Jul 14 21:18:57 2015] [debug] Routing to controller "GR::Controller::Medicao" and action "servico".
[Tue Jul 14 21:18:57 2015] [debug] Rendering cached template "medicao/servico.html.ep".
[Tue Jul 14 21:18:57 2015] [debug] Rendering cached template "layouts/principal.html.ep".
[Tue Jul 14 21:18:57 2015] [debug] 200 OK (0.001437s, 695.894/s).
[Tue Jul 14 21:18:59 2015] [debug] GET "/report/chamado".
[Tue Jul 14 21:18:59 2015] [debug] Routing to controller "GR::Controller::Medicao" and action "chamado".
[Tue Jul 14 21:18:59 2015] [debug] Rendering cached template "medicao/chamado.html.ep".
[Tue Jul 14 21:18:59 2015] [debug] Rendering cached template "layouts/principal.html.ep".
[Tue Jul 14 21:18:59 2015] [debug] 200 OK (0.001506s, 664.011/s).
[Tue Jul 14 21:19:04 2015] [debug] GET "/".
[Tue Jul 14 21:19:04 2015] [debug] Routing to controller "GR::Controller::Home" and action "index".
[Tue Jul 14 21:19:04 2015] [debug] Rendering template "home/index.html.ep".
[Tue Jul 14 21:19:04 2015] [debug] Rendering template "layouts/default.html.ep".
[Tue Jul 14 21:19:04 2015] [debug] 200 OK (0.005439s, 183.857/s).
[Tue Jul 14 22:06:06 2015] [debug] Your secret passphrase needs to be changed!!!
[Tue Jul 14 22:06:06 2015] [debug] GET "/".
[Tue Jul 14 22:06:06 2015] [debug] Routing to controller "GR::Controller::Home" and action "index".
[Tue Jul 14 22:06:06 2015] [debug] Rendering template "home/index.html.ep".
[Tue Jul 14 22:06:06 2015] [debug] Rendering template "layouts/principal.html.ep".
[Tue Jul 14 22:06:06 2015] [debug] 200 OK (0.010954s, 91.291/s).
[Tue Jul 14 22:06:09 2015] [debug] GET "/report/chamado".
[Tue Jul 14 22:06:09 2015] [debug] Routing to controller "GR::Controller::Medicao" and action "chamado".
[Tue Jul 14 22:06:09 2015] [debug] Rendering template "medicao/chamado.html.ep".
[Tue Jul 14 22:06:09 2015] [debug] Rendering cached template "layouts/principal.html.ep".
[Tue Jul 14 22:06:09 2015] [debug] 200 OK (0.003915s, 255.428/s).
[Tue Jul 14 22:06:11 2015] [debug] GET "/report/servico".
[Tue Jul 14 22:06:11 2015] [debug] Routing to controller "GR::Controller::Medicao" and action "servico".
[Tue Jul 14 22:06:11 2015] [debug] Rendering template "medicao/servico.html.ep".
[Tue Jul 14 22:06:11 2015] [debug] Rendering cached template "layouts/principal.html.ep".
[Tue Jul 14 22:06:11 2015] [debug] 200 OK (0.002872s, 348.189/s).
[Tue Jul 14 22:06:14 2015] [debug] GET "/report/chamado".
[Tue Jul 14 22:06:14 2015] [debug] Routing to controller "GR::Controller::Medicao" and action "chamado".
[Tue Jul 14 22:06:14 2015] [debug] Rendering cached template "medicao/chamado.html.ep".
[Tue Jul 14 22:06:14 2015] [debug] Rendering cached template "layouts/principal.html.ep".
[Tue Jul 14 22:06:14 2015] [debug] 200 OK (0.001421s, 703.730/s).
[Tue Jul 14 22:06:17 2015] [debug] GET "/report/servico".
[Tue Jul 14 22:06:17 2015] [debug] Routing to controller "GR::Controller::Medicao" and action "servico".
[Tue Jul 14 22:06:17 2015] [debug] Rendering cached template "medicao/servico.html.ep".
[Tue Jul 14 22:06:17 2015] [debug] Rendering cached template "layouts/principal.html.ep".
[Tue Jul 14 22:06:17 2015] [debug] 200 OK (0.001410s, 709.220/s).
[Tue Jul 14 22:06:19 2015] [debug] GET "/report/chamado".
[Tue Jul 14 22:06:19 2015] [debug] Routing to controller "GR::Controller::Medicao" and action "chamado".
[Tue Jul 14 22:06:19 2015] [debug] Rendering cached template "medicao/chamado.html.ep".
[Tue Jul 14 22:06:19 2015] [debug] Rendering cached template "layouts/principal.html.ep".
[Tue Jul 14 22:06:19 2015] [debug] 200 OK (0.001628s, 614.251/s).
[Tue Jul 14 22:13:40 2015] [debug] Your secret passphrase needs to be changed!!!
[Tue Jul 14 22:13:40 2015] [debug] GET "/report/chamado".
[Tue Jul 14 22:13:40 2015] [debug] Routing to controller "GR::Controller::Medicao" and action "chamado".
[Tue Jul 14 22:13:40 2015] [debug] Rendering template "medicao/chamado.html.ep".
[Tue Jul 14 22:13:40 2015] [debug] Rendering template "layouts/principal.html.ep".
[Tue Jul 14 22:13:40 2015] [debug] 200 OK (0.013313s, 75.115/s).
[Tue Jul 14 22:14:13 2015] [debug] Your secret passphrase needs to be changed!!!
[Tue Jul 14 22:14:13 2015] [debug] GET "/report/chamado".
[Tue Jul 14 22:14:13 2015] [debug] Routing to controller "GR::Controller::Medicao" and action "chamado".
[Tue Jul 14 22:14:13 2015] [debug] Rendering template "medicao/chamado.html.ep".
[Tue Jul 14 22:14:13 2015] [debug] Rendering template "layouts/principal.html.ep".
[Tue Jul 14 22:14:13 2015] [debug] 200 OK (0.008668s, 115.367/s).
[Tue Jul 14 22:14:37 2015] [debug] GET "/report/chamado".
[Tue Jul 14 22:14:37 2015] [debug] Routing to controller "GR::Controller::Medicao" and action "chamado".
[Tue Jul 14 22:14:37 2015] [debug] Rendering cached template "medicao/chamado.html.ep".
[Tue Jul 14 22:14:37 2015] [debug] Rendering cached template "layouts/principal.html.ep".
[Tue Jul 14 22:14:37 2015] [debug] 200 OK (0.000675s, 1481.481/s).
[Tue Jul 14 22:14:46 2015] [debug] Your secret passphrase needs to be changed!!!
[Tue Jul 14 22:14:46 2015] [debug] GET "/report/chamado".
[Tue Jul 14 22:14:46 2015] [debug] Routing to controller "GR::Controller::Medicao" and action "chamado".
[Tue Jul 14 22:14:46 2015] [debug] Rendering template "medicao/chamado.html.ep".
[Tue Jul 14 22:14:46 2015] [debug] Rendering template "layouts/principal.html.ep".
[Tue Jul 14 22:14:46 2015] [debug] 200 OK (0.006752s, 148.104/s).
[Tue Jul 14 22:16:12 2015] [debug] Your secret passphrase needs to be changed!!!
[Tue Jul 14 22:16:12 2015] [debug] GET "/report/chamado".
[Tue Jul 14 22:16:12 2015] [debug] Routing to controller "GR::Controller::Medicao" and action "chamado".
[Tue Jul 14 22:16:12 2015] [debug] Rendering template "medicao/chamado.html.ep".
[Tue Jul 14 22:16:12 2015] [debug] Rendering template "layouts/principal.html.ep".
[Tue Jul 14 22:16:12 2015] [debug] 200 OK (0.011619s, 86.066/s).
[Tue Jul 14 22:17:46 2015] [debug] GET "/report/chamado".
[Tue Jul 14 22:17:46 2015] [debug] Routing to controller "GR::Controller::Medicao" and action "chamado".
[Tue Jul 14 22:17:46 2015] [debug] Rendering cached template "medicao/chamado.html.ep".
[Tue Jul 14 22:17:46 2015] [debug] Rendering cached template "layouts/principal.html.ep".
[Tue Jul 14 22:17:46 2015] [debug] 200 OK (0.001113s, 898.473/s).
[Tue Jul 14 22:18:35 2015] [debug] GET "/report/chamado".
[Tue Jul 14 22:18:35 2015] [debug] Routing to controller "GR::Controller::Medicao" and action "chamado".
[Tue Jul 14 22:18:35 2015] [debug] Rendering cached template "medicao/chamado.html.ep".
[Tue Jul 14 22:18:35 2015] [debug] Rendering cached template "layouts/principal.html.ep".
[Tue Jul 14 22:18:35 2015] [debug] 200 OK (0.001429s, 699.790/s).
[Tue Jul 14 22:18:37 2015] [debug] GET "/report/chamado".
[Tue Jul 14 22:18:37 2015] [debug] Routing to controller "GR::Controller::Medicao" and action "chamado".
[Tue Jul 14 22:18:37 2015] [debug] Rendering cached template "medicao/chamado.html.ep".
[Tue Jul 14 22:18:37 2015] [debug] Rendering cached template "layouts/principal.html.ep".
[Tue Jul 14 22:18:37 2015] [debug] 200 OK (0.001693s, 590.667/s).
[Tue Jul 14 22:18:42 2015] [debug] GET "/report/chamado".
[Tue Jul 14 22:18:42 2015] [debug] Routing to controller "GR::Controller::Medicao" and action "chamado".
[Tue Jul 14 22:18:42 2015] [debug] Rendering cached template "medicao/chamado.html.ep".
[Tue Jul 14 22:18:42 2015] [debug] Rendering cached template "layouts/principal.html.ep".
[Tue Jul 14 22:18:42 2015] [debug] 200 OK (0.000745s, 1342.282/s).
[Tue Jul 14 22:19:12 2015] [debug] GET "/report/chamado".
[Tue Jul 14 22:19:12 2015] [debug] Routing to controller "GR::Controller::Medicao" and action "chamado".
[Tue Jul 14 22:19:12 2015] [debug] Rendering cached template "medicao/chamado.html.ep".
[Tue Jul 14 22:19:12 2015] [debug] Rendering cached template "layouts/principal.html.ep".
[Tue Jul 14 22:19:12 2015] [debug] 200 OK (0.002248s, 444.840/s).
[Tue Jul 14 22:19:26 2015] [debug] GET "/report/chamado".
[Tue Jul 14 22:19:26 2015] [debug] Routing to controller "GR::Controller::Medicao" and action "chamado".
[Tue Jul 14 22:19:26 2015] [debug] Rendering cached template "medicao/chamado.html.ep".
[Tue Jul 14 22:19:26 2015] [debug] Rendering cached template "layouts/principal.html.ep".
[Tue Jul 14 22:19:26 2015] [debug] 200 OK (0.002101s, 475.964/s).
[Tue Jul 14 22:19:38 2015] [debug] GET "/report/chamado".
[Tue Jul 14 22:19:38 2015] [debug] Routing to controller "GR::Controller::Medicao" and action "chamado".
[Tue Jul 14 22:19:38 2015] [debug] Rendering cached template "medicao/chamado.html.ep".
[Tue Jul 14 22:19:38 2015] [debug] Rendering cached template "layouts/principal.html.ep".
[Tue Jul 14 22:19:38 2015] [debug] 200 OK (0.001723s, 580.383/s).
[Tue Jul 14 22:25:26 2015] [info] Listening at "http://*:3000".
[Tue Jul 14 22:28:59 2015] [debug] Your secret passphrase needs to be changed!!!
[Tue Jul 14 22:28:59 2015] [debug] GET "/report/chamado".
[Tue Jul 14 22:28:59 2015] [debug] Routing to controller "GR::Controller::Medicao" and action "chamado".
[Tue Jul 14 22:28:59 2015] [debug] Rendering template "medicao/chamado.html.ep".
[Tue Jul 14 22:28:59 2015] [debug] Rendering template "layouts/principal.html.ep".
[Tue Jul 14 22:28:59 2015] [debug] 200 OK (0.008780s, 113.895/s).
[Tue Jul 14 22:29:12 2015] [debug] GET "/report/chamado".
[Tue Jul 14 22:29:12 2015] [debug] Routing to controller "GR::Controller::Medicao" and action "chamado".
[Tue Jul 14 22:29:12 2015] [debug] Rendering cached template "medicao/chamado.html.ep".
[Tue Jul 14 22:29:12 2015] [debug] Rendering cached template "layouts/principal.html.ep".
[Tue Jul 14 22:29:12 2015] [debug] 200 OK (0.001793s, 557.724/s).
[Tue Jul 14 22:29:22 2015] [debug] GET "/report/chamado".
[Tue Jul 14 22:29:22 2015] [debug] Routing to controller "GR::Controller::Medicao" and action "chamado".
[Tue Jul 14 22:29:22 2015] [debug] Rendering cached template "medicao/chamado.html.ep".
[Tue Jul 14 22:29:22 2015] [debug] Rendering cached template "layouts/principal.html.ep".
[Tue Jul 14 22:29:22 2015] [debug] 200 OK (0.001575s, 634.921/s).
[Tue Jul 14 22:31:08 2015] [debug] GET "/report/chamado".
[Tue Jul 14 22:31:08 2015] [debug] Routing to controller "GR::Controller::Medicao" and action "chamado".
[Tue Jul 14 22:31:08 2015] [debug] Rendering cached template "medicao/chamado.html.ep".
[Tue Jul 14 22:31:08 2015] [debug] Rendering cached template "layouts/principal.html.ep".
[Tue Jul 14 22:31:08 2015] [debug] 200 OK (0.002548s, 392.465/s).
[Tue Jul 14 22:31:10 2015] [debug] GET "/report/chamado".
[Tue Jul 14 22:31:10 2015] [debug] Routing to controller "GR::Controller::Medicao" and action "chamado".
[Tue Jul 14 22:31:10 2015] [debug] Rendering cached template "medicao/chamado.html.ep".
[Tue Jul 14 22:31:10 2015] [debug] Rendering cached template "layouts/principal.html.ep".
[Tue Jul 14 22:31:10 2015] [debug] 200 OK (0.001669s, 599.161/s).
[Tue Jul 14 22:31:16 2015] [debug] GET "/report/chamado".
[Tue Jul 14 22:31:16 2015] [debug] Routing to controller "GR::Controller::Medicao" and action "chamado".
[Tue Jul 14 22:31:16 2015] [debug] Rendering cached template "medicao/chamado.html.ep".
[Tue Jul 14 22:31:16 2015] [debug] Rendering cached template "layouts/principal.html.ep".
[Tue Jul 14 22:31:16 2015] [debug] 200 OK (0.002214s, 451.671/s).
[Tue Jul 14 22:31:28 2015] [debug] GET "/report/chamado".
[Tue Jul 14 22:31:28 2015] [debug] Routing to controller "GR::Controller::Medicao" and action "chamado".
[Tue Jul 14 22:31:28 2015] [debug] Rendering cached template "medicao/chamado.html.ep".
[Tue Jul 14 22:31:28 2015] [debug] Rendering cached template "layouts/principal.html.ep".
[Tue Jul 14 22:31:28 2015] [debug] 200 OK (0.001501s, 666.223/s).
[Tue Jul 14 22:31:37 2015] [debug] Your secret passphrase needs to be changed!!!
[Tue Jul 14 22:31:37 2015] [debug] GET "/report/chamado".
[Tue Jul 14 22:31:37 2015] [debug] Routing to controller "GR::Controller::Medicao" and action "chamado".
[Tue Jul 14 22:31:37 2015] [debug] Rendering template "medicao/chamado.html.ep".
[Tue Jul 14 22:31:37 2015] [debug] Rendering template "layouts/principal.html.ep".
[Tue Jul 14 22:31:37 2015] [debug] 200 OK (0.013683s, 73.083/s).
[Tue Jul 14 22:32:39 2015] [debug] GET "/report/chamado".
[Tue Jul 14 22:32:39 2015] [debug] Routing to controller "GR::Controller::Medicao" and action "chamado".
[Tue Jul 14 22:32:39 2015] [debug] Rendering cached template "medicao/chamado.html.ep".
[Tue Jul 14 22:32:39 2015] [debug] Rendering cached template "layouts/principal.html.ep".
[Tue Jul 14 22:32:39 2015] [debug] 200 OK (0.001708s, 585.480/s).
[Tue Jul 14 22:32:42 2015] [debug] GET "/report/chamado".
[Tue Jul 14 22:32:42 2015] [debug] Routing to controller "GR::Controller::Medicao" and action "chamado".
[Tue Jul 14 22:32:42 2015] [debug] Rendering cached template "medicao/chamado.html.ep".
[Tue Jul 14 22:32:42 2015] [debug] Rendering cached template "layouts/principal.html.ep".
[Tue Jul 14 22:32:42 2015] [debug] 200 OK (0.001413s, 707.714/s).
[Tue Jul 14 22:32:54 2015] [debug] GET "/report/chamado".
[Tue Jul 14 22:32:54 2015] [debug] Routing to controller "GR::Controller::Medicao" and action "chamado".
[Tue Jul 14 22:32:54 2015] [debug] Rendering cached template "medicao/chamado.html.ep".
[Tue Jul 14 22:32:54 2015] [debug] Rendering cached template "layouts/principal.html.ep".
[Tue Jul 14 22:32:54 2015] [debug] 200 OK (0.002261s, 442.282/s).
[Tue Jul 14 22:33:02 2015] [debug] GET "/report/chamado".
[Tue Jul 14 22:33:02 2015] [debug] Routing to controller "GR::Controller::Medicao" and action "chamado".
[Tue Jul 14 22:33:02 2015] [debug] Rendering cached template "medicao/chamado.html.ep".
[Tue Jul 14 22:33:02 2015] [debug] Rendering cached template "layouts/principal.html.ep".
[Tue Jul 14 22:33:02 2015] [debug] 200 OK (0.000829s, 1206.273/s).
[Tue Jul 14 22:33:10 2015] [debug] GET "/report/chamado".
[Tue Jul 14 22:33:10 2015] [debug] Routing to controller "GR::Controller::Medicao" and action "chamado".
[Tue Jul 14 22:33:10 2015] [debug] Rendering cached template "medicao/chamado.html.ep".
[Tue Jul 14 22:33:10 2015] [debug] Rendering cached template "layouts/principal.html.ep".
[Tue Jul 14 22:33:10 2015] [debug] 200 OK (0.001598s, 625.782/s).
[Tue Jul 14 22:33:32 2015] [debug] GET "/report/chamado".
[Tue Jul 14 22:33:32 2015] [debug] Routing to controller "GR::Controller::Medicao" and action "chamado".
[Tue Jul 14 22:33:32 2015] [debug] Rendering cached template "medicao/chamado.html.ep".
[Tue Jul 14 22:33:32 2015] [debug] Rendering cached template "layouts/principal.html.ep".
[Tue Jul 14 22:33:32 2015] [debug] 200 OK (0.001644s, 608.273/s).
[Tue Jul 14 22:33:34 2015] [debug] GET "/report/chamado".
[Tue Jul 14 22:33:34 2015] [debug] Routing to controller "GR::Controller::Medicao" and action "chamado".
[Tue Jul 14 22:33:34 2015] [debug] Rendering cached template "medicao/chamado.html.ep".
[Tue Jul 14 22:33:34 2015] [debug] Rendering cached template "layouts/principal.html.ep".
[Tue Jul 14 22:33:34 2015] [debug] 200 OK (0.001600s, 625.000/s).
[Tue Jul 14 22:33:41 2015] [debug] GET "/report/chamado".
[Tue Jul 14 22:33:41 2015] [debug] Routing to controller "GR::Controller::Medicao" and action "chamado".
[Tue Jul 14 22:33:41 2015] [debug] Rendering cached template "medicao/chamado.html.ep".
[Tue Jul 14 22:33:41 2015] [debug] Rendering cached template "layouts/principal.html.ep".
[Tue Jul 14 22:33:41 2015] [debug] 200 OK (0.002357s, 424.268/s).
[Tue Jul 14 22:34:18 2015] [debug] Your secret passphrase needs to be changed!!!
[Tue Jul 14 22:34:18 2015] [debug] GET "/report/chamado".
[Tue Jul 14 22:34:18 2015] [debug] Routing to controller "GR::Controller::Medicao" and action "chamado".
[Tue Jul 14 22:34:18 2015] [debug] Rendering template "medicao/chamado.html.ep".
[Tue Jul 14 22:34:18 2015] [debug] Rendering template "layouts/principal.html.ep".
[Tue Jul 14 22:34:18 2015] [debug] 200 OK (0.007248s, 137.969/s).
[Tue Jul 14 22:34:48 2015] [debug] Your secret passphrase needs to be changed!!!
[Tue Jul 14 22:34:48 2015] [debug] GET "/report/chamado".
[Tue Jul 14 22:34:48 2015] [debug] Routing to controller "GR::Controller::Medicao" and action "chamado".
[Tue Jul 14 22:34:48 2015] [debug] Rendering template "medicao/chamado.html.ep".
[Tue Jul 14 22:34:48 2015] [debug] Rendering template "layouts/principal.html.ep".
[Tue Jul 14 22:34:48 2015] [debug] 200 OK (0.014259s, 70.131/s).
[Tue Jul 14 22:35:43 2015] [debug] GET "/report/chamado".
[Tue Jul 14 22:35:43 2015] [debug] Routing to controller "GR::Controller::Medicao" and action "chamado".
[Tue Jul 14 22:35:43 2015] [debug] Rendering cached template "medicao/chamado.html.ep".
[Tue Jul 14 22:35:43 2015] [debug] Rendering cached template "layouts/principal.html.ep".
[Tue Jul 14 22:35:43 2015] [debug] 200 OK (0.001627s, 614.628/s).
[Tue Jul 14 22:36:01 2015] [debug] GET "/report/chamado".
[Tue Jul 14 22:36:01 2015] [debug] Routing to controller "GR::Controller::Medicao" and action "chamado".
[Tue Jul 14 22:36:01 2015] [debug] Rendering cached template "medicao/chamado.html.ep".
[Tue Jul 14 22:36:01 2015] [debug] Rendering cached template "layouts/principal.html.ep".
[Tue Jul 14 22:36:01 2015] [debug] 200 OK (0.001223s, 817.661/s).
[Tue Jul 14 22:36:09 2015] [debug] GET "/report/chamado".
[Tue Jul 14 22:36:09 2015] [debug] Routing to controller "GR::Controller::Medicao" and action "chamado".
[Tue Jul 14 22:36:09 2015] [debug] Rendering cached template "medicao/chamado.html.ep".
[Tue Jul 14 22:36:09 2015] [debug] Rendering cached template "layouts/principal.html.ep".
[Tue Jul 14 22:36:09 2015] [debug] 200 OK (0.001602s, 624.220/s).
[Tue Jul 14 22:37:22 2015] [debug] GET "/report/chamado".
[Tue Jul 14 22:37:22 2015] [debug] Routing to controller "GR::Controller::Medicao" and action "chamado".
[Tue Jul 14 22:37:22 2015] [debug] Rendering cached template "medicao/chamado.html.ep".
[Tue Jul 14 22:37:22 2015] [debug] Rendering cached template "layouts/principal.html.ep".
[Tue Jul 14 22:37:22 2015] [debug] 200 OK (0.001632s, 612.745/s).
[Tue Jul 14 22:37:51 2015] [debug] GET "/report/chamado".
[Tue Jul 14 22:37:51 2015] [debug] Routing to controller "GR::Controller::Medicao" and action "chamado".
[Tue Jul 14 22:37:51 2015] [debug] Rendering cached template "medicao/chamado.html.ep".
[Tue Jul 14 22:37:51 2015] [debug] Rendering cached template "layouts/principal.html.ep".
[Tue Jul 14 22:37:51 2015] [debug] 200 OK (0.001564s, 639.386/s).
[Tue Jul 14 22:38:05 2015] [debug] GET "/report/chamado".
[Tue Jul 14 22:38:05 2015] [debug] Routing to controller "GR::Controller::Medicao" and action "chamado".
[Tue Jul 14 22:38:05 2015] [debug] Rendering cached template "medicao/chamado.html.ep".
[Tue Jul 14 22:38:05 2015] [debug] Rendering cached template "layouts/principal.html.ep".
[Tue Jul 14 22:38:05 2015] [debug] 200 OK (0.001910s, 523.560/s).
[Tue Jul 14 22:38:20 2015] [debug] GET "/report/chamado".
[Tue Jul 14 22:38:20 2015] [debug] Routing to controller "GR::Controller::Medicao" and action "chamado".
[Tue Jul 14 22:38:20 2015] [debug] Rendering cached template "medicao/chamado.html.ep".
[Tue Jul 14 22:38:20 2015] [debug] Rendering cached template "layouts/principal.html.ep".
[Tue Jul 14 22:38:20 2015] [debug] 200 OK (0.001845s, 542.005/s).
[Tue Jul 14 22:38:32 2015] [debug] GET "/report/servico".
[Tue Jul 14 22:38:32 2015] [debug] Routing to controller "GR::Controller::Medicao" and action "servico".
[Tue Jul 14 22:38:32 2015] [debug] Rendering template "medicao/servico.html.ep".
[Tue Jul 14 22:38:32 2015] [debug] Rendering cached template "layouts/principal.html.ep".
[Tue Jul 14 22:38:32 2015] [debug] 200 OK (0.003023s, 330.797/s).
[Tue Jul 14 22:38:33 2015] [debug] GET "/report/chamado".
[Tue Jul 14 22:38:33 2015] [debug] Routing to controller "GR::Controller::Medicao" and action "chamado".
[Tue Jul 14 22:38:33 2015] [debug] Rendering cached template "medicao/chamado.html.ep".
[Tue Jul 14 22:38:33 2015] [debug] Rendering cached template "layouts/principal.html.ep".
[Tue Jul 14 22:38:33 2015] [debug] 200 OK (0.001600s, 625.000/s).
[Tue Jul 14 22:38:36 2015] [debug] GET "/report/chamado".
[Tue Jul 14 22:38:36 2015] [debug] Routing to controller "GR::Controller::Medicao" and action "chamado".
[Tue Jul 14 22:38:36 2015] [debug] Rendering cached template "medicao/chamado.html.ep".
[Tue Jul 14 22:38:36 2015] [debug] Rendering cached template "layouts/principal.html.ep".
[Tue Jul 14 22:38:36 2015] [debug] 200 OK (0.001843s, 542.594/s).
[Tue Jul 14 22:39:07 2015] [debug] GET "/report/chamado".
[Tue Jul 14 22:39:07 2015] [debug] Routing to controller "GR::Controller::Medicao" and action "chamado".
[Tue Jul 14 22:39:07 2015] [debug] Rendering cached template "medicao/chamado.html.ep".
[Tue Jul 14 22:39:07 2015] [debug] Rendering cached template "layouts/principal.html.ep".
[Tue Jul 14 22:39:07 2015] [debug] 200 OK (0.001682s, 594.530/s).
[Tue Jul 14 22:39:57 2015] [debug] Your secret passphrase needs to be changed!!!
[Tue Jul 14 22:39:57 2015] [debug] GET "/report/chamado".
[Tue Jul 14 22:39:57 2015] [debug] Routing to controller "GR::Controller::Medicao" and action "chamado".
[Tue Jul 14 22:39:57 2015] [debug] Rendering template "medicao/chamado.html.ep".
[Tue Jul 14 22:39:57 2015] [debug] Rendering template "layouts/principal.html.ep".
[Tue Jul 14 22:39:57 2015] [debug] 200 OK (0.010150s, 98.522/s).
[Tue Jul 14 22:41:21 2015] [debug] Your secret passphrase needs to be changed!!!
[Tue Jul 14 22:41:21 2015] [debug] GET "/report/chamado".
[Tue Jul 14 22:41:21 2015] [debug] Routing to controller "GR::Controller::Medicao" and action "chamado".
[Tue Jul 14 22:41:21 2015] [debug] Rendering template "medicao/chamado.html.ep".
[Tue Jul 14 22:41:21 2015] [debug] Rendering template "layouts/principal.html.ep".
[Tue Jul 14 22:41:21 2015] [debug] 200 OK (0.008599s, 116.293/s).
[Tue Jul 14 22:41:59 2015] [debug] GET "/report/chamado".
[Tue Jul 14 22:41:59 2015] [debug] Routing to controller "GR::Controller::Medicao" and action "chamado".
[Tue Jul 14 22:41:59 2015] [debug] Rendering cached template "medicao/chamado.html.ep".
[Tue Jul 14 22:41:59 2015] [debug] Rendering cached template "layouts/principal.html.ep".
[Tue Jul 14 22:41:59 2015] [debug] 200 OK (0.001649s, 606.428/s).
[Tue Jul 14 22:42:29 2015] [debug] Your secret passphrase needs to be changed!!!
[Tue Jul 14 22:42:29 2015] [debug] GET "/report/chamado".
[Tue Jul 14 22:42:29 2015] [debug] Routing to controller "GR::Controller::Medicao" and action "chamado".
[Tue Jul 14 22:42:29 2015] [debug] Rendering template "medicao/chamado.html.ep".
[Tue Jul 14 22:42:29 2015] [debug] Rendering template "layouts/principal.html.ep".
[Tue Jul 14 22:42:29 2015] [debug] 200 OK (0.012875s, 77.670/s).
[Tue Jul 14 22:42:46 2015] [debug] Your secret passphrase needs to be changed!!!
[Tue Jul 14 22:42:46 2015] [debug] GET "/report/chamado".
[Tue Jul 14 22:42:46 2015] [debug] Routing to controller "GR::Controller::Medicao" and action "chamado".
[Tue Jul 14 22:42:46 2015] [debug] Rendering template "medicao/chamado.html.ep".
[Tue Jul 14 22:42:46 2015] [debug] Rendering template "layouts/principal.html.ep".
[Tue Jul 14 22:42:46 2015] [debug] 200 OK (0.009753s, 102.533/s).
[Tue Jul 14 22:43:17 2015] [debug] Your secret passphrase needs to be changed!!!
[Tue Jul 14 22:43:17 2015] [debug] GET "/report/chamado".
[Tue Jul 14 22:43:17 2015] [debug] Routing to controller "GR::Controller::Medicao" and action "chamado".
[Tue Jul 14 22:43:17 2015] [debug] Rendering template "medicao/chamado.html.ep".
[Tue Jul 14 22:43:17 2015] [debug] Rendering template "layouts/principal.html.ep".
[Tue Jul 14 22:43:17 2015] [debug] 200 OK (0.012584s, 79.466/s).
[Tue Jul 14 22:43:30 2015] [debug] Your secret passphrase needs to be changed!!!
[Tue Jul 14 22:43:30 2015] [debug] GET "/report/chamado".
[Tue Jul 14 22:43:30 2015] [debug] Routing to controller "GR::Controller::Medicao" and action "chamado".
[Tue Jul 14 22:43:30 2015] [debug] Rendering template "medicao/chamado.html.ep".
[Tue Jul 14 22:43:30 2015] [debug] Rendering template "layouts/principal.html.ep".
[Tue Jul 14 22:43:30 2015] [debug] 200 OK (0.016477s, 60.691/s).
[Tue Jul 14 22:43:47 2015] [debug] GET "/report/chamado".
[Tue Jul 14 22:43:47 2015] [debug] Routing to controller "GR::Controller::Medicao" and action "chamado".
[Tue Jul 14 22:43:47 2015] [debug] Rendering cached template "medicao/chamado.html.ep".
[Tue Jul 14 22:43:47 2015] [debug] Rendering cached template "layouts/principal.html.ep".
[Tue Jul 14 22:43:47 2015] [debug] 200 OK (0.001651s, 605.694/s).
[Tue Jul 14 22:44:04 2015] [debug] GET "/report/chamado".
[Tue Jul 14 22:44:04 2015] [debug] Routing to controller "GR::Controller::Medicao" and action "chamado".
[Tue Jul 14 22:44:04 2015] [debug] Rendering cached template "medicao/chamado.html.ep".
[Tue Jul 14 22:44:04 2015] [debug] Rendering cached template "layouts/principal.html.ep".
[Tue Jul 14 22:44:04 2015] [debug] 200 OK (0.001649s, 606.428/s).
[Tue Jul 14 22:44:10 2015] [debug] GET "/report/chamado".
[Tue Jul 14 22:44:10 2015] [debug] Routing to controller "GR::Controller::Medicao" and action "chamado".
[Tue Jul 14 22:44:10 2015] [debug] Rendering cached template "medicao/chamado.html.ep".
[Tue Jul 14 22:44:10 2015] [debug] Rendering cached template "layouts/principal.html.ep".
[Tue Jul 14 22:44:10 2015] [debug] 200 OK (0.001969s, 507.872/s).
[Tue Jul 14 22:44:30 2015] [debug] GET "/report/chamado".
[Tue Jul 14 22:44:30 2015] [debug] Routing to controller "GR::Controller::Medicao" and action "chamado".
[Tue Jul 14 22:44:30 2015] [debug] Rendering cached template "medicao/chamado.html.ep".
[Tue Jul 14 22:44:30 2015] [debug] Rendering cached template "layouts/principal.html.ep".
[Tue Jul 14 22:44:30 2015] [debug] 200 OK (0.001351s, 740.192/s).
[Tue Jul 14 22:45:08 2015] [debug] GET "/report/chamado".
[Tue Jul 14 22:45:08 2015] [debug] Routing to controller "GR::Controller::Medicao" and action "chamado".
[Tue Jul 14 22:45:08 2015] [debug] Rendering cached template "medicao/chamado.html.ep".
[Tue Jul 14 22:45:08 2015] [debug] Rendering cached template "layouts/principal.html.ep".
[Tue Jul 14 22:45:08 2015] [debug] 200 OK (0.002045s, 488.998/s).
[Tue Jul 14 22:45:10 2015] [debug] GET "/report/chamado".
[Tue Jul 14 22:45:10 2015] [debug] Routing to controller "GR::Controller::Medicao" and action "chamado".
[Tue Jul 14 22:45:10 2015] [debug] Rendering cached template "medicao/chamado.html.ep".
[Tue Jul 14 22:45:10 2015] [debug] Rendering cached template "layouts/principal.html.ep".
[Tue Jul 14 22:45:10 2015] [debug] 200 OK (0.001587s, 630.120/s).
[Tue Jul 14 22:45:43 2015] [debug] GET "/report/chamado".
[Tue Jul 14 22:45:43 2015] [debug] Routing to controller "GR::Controller::Medicao" and action "chamado".
[Tue Jul 14 22:45:43 2015] [debug] Rendering cached template "medicao/chamado.html.ep".
[Tue Jul 14 22:45:43 2015] [debug] Rendering cached template "layouts/principal.html.ep".
[Tue Jul 14 22:45:43 2015] [debug] 200 OK (0.001696s, 589.623/s).
[Tue Jul 14 22:45:55 2015] [debug] GET "/report/chamado".
[Tue Jul 14 22:45:55 2015] [debug] Routing to controller "GR::Controller::Medicao" and action "chamado".
[Tue Jul 14 22:45:55 2015] [debug] Rendering cached template "medicao/chamado.html.ep".
[Tue Jul 14 22:45:55 2015] [debug] Rendering cached template "layouts/principal.html.ep".
[Tue Jul 14 22:45:55 2015] [debug] 200 OK (0.001355s, 738.007/s).
[Tue Jul 14 22:46:03 2015] [debug] GET "/report/servico".
[Tue Jul 14 22:46:03 2015] [debug] Routing to controller "GR::Controller::Medicao" and action "servico".
[Tue Jul 14 22:46:03 2015] [debug] Rendering template "medicao/servico.html.ep".
[Tue Jul 14 22:46:03 2015] [debug] Rendering cached template "layouts/principal.html.ep".
[Tue Jul 14 22:46:03 2015] [debug] 200 OK (0.003413s, 292.997/s).
[Tue Jul 14 22:46:04 2015] [debug] GET "/report/chamado".
[Tue Jul 14 22:46:04 2015] [debug] Routing to controller "GR::Controller::Medicao" and action "chamado".
[Tue Jul 14 22:46:04 2015] [debug] Rendering cached template "medicao/chamado.html.ep".
[Tue Jul 14 22:46:04 2015] [debug] Rendering cached template "layouts/principal.html.ep".
[Tue Jul 14 22:46:04 2015] [debug] 200 OK (0.001568s, 637.755/s).
[Tue Jul 14 22:46:19 2015] [debug] GET "/report/chamado".
[Tue Jul 14 22:46:19 2015] [debug] Routing to controller "GR::Controller::Medicao" and action "chamado".
[Tue Jul 14 22:46:19 2015] [debug] Rendering cached template "medicao/chamado.html.ep".
[Tue Jul 14 22:46:19 2015] [debug] Rendering cached template "layouts/principal.html.ep".
[Tue Jul 14 22:46:19 2015] [debug] 200 OK (0.001658s, 603.136/s).
[Tue Jul 14 23:21:10 2015] [debug] GET "/report/chamado".
[Tue Jul 14 23:21:10 2015] [debug] Routing to controller "GR::Controller::Medicao" and action "chamado".
[Tue Jul 14 23:21:10 2015] [debug] Rendering cached template "medicao/chamado.html.ep".
[Tue Jul 14 23:21:10 2015] [debug] Rendering cached template "layouts/principal.html.ep".
[Tue Jul 14 23:21:10 2015] [debug] 200 OK (0.001595s, 626.959/s).
[Tue Jul 14 23:21:19 2015] [debug] GET "/report/chamado".
[Tue Jul 14 23:21:19 2015] [debug] Routing to controller "GR::Controller::Medicao" and action "chamado".
[Tue Jul 14 23:21:19 2015] [debug] Rendering cached template "medicao/chamado.html.ep".
[Tue Jul 14 23:21:19 2015] [debug] Rendering cached template "layouts/principal.html.ep".
[Tue Jul 14 23:21:19 2015] [debug] 200 OK (0.001889s, 529.381/s).
[Wed Jul 15 09:10:17 2015] [info] Listening at "http://*:3000".
[Wed Jul 15 09:10:30 2015] [debug] Your secret passphrase needs to be changed!!!
[Wed Jul 15 09:10:30 2015] [debug] GET "/gr".
[Wed Jul 15 09:10:30 2015] [debug] Template "not_found.development.html.ep" not found.
[Wed Jul 15 09:10:30 2015] [debug] Template "not_found.html.ep" not found.
[Wed Jul 15 09:10:30 2015] [debug] Rendering inline template "f1dc5ae11294c9115f24b13adf9a9165".
[Wed Jul 15 09:10:30 2015] [debug] Rendering inline template "4fcf2af99f1803a7a26c2e9b04430f8c".
[Wed Jul 15 09:10:30 2015] [debug] 404 Not Found (0.028576s, 34.994/s).
[Wed Jul 15 09:10:33 2015] [debug] GET "/".
[Wed Jul 15 09:10:33 2015] [debug] Routing to controller "GR::Controller::Home" and action "index".
[Wed Jul 15 09:10:33 2015] [debug] Rendering template "home/index.html.ep".
[Wed Jul 15 09:10:33 2015] [debug] Rendering template "layouts/principal.html.ep".
[Wed Jul 15 09:10:33 2015] [debug] 200 OK (0.094450s, 10.588/s).
[Wed Jul 15 09:10:35 2015] [debug] GET "/report/servico".
[Wed Jul 15 09:10:35 2015] [debug] Routing to controller "GR::Controller::Medicao" and action "servico".
[Wed Jul 15 09:10:35 2015] [debug] Rendering template "medicao/servico.html.ep".
[Wed Jul 15 09:10:35 2015] [debug] Rendering cached template "layouts/principal.html.ep".
[Wed Jul 15 09:10:35 2015] [debug] 200 OK (0.038188s, 26.186/s).
[Wed Jul 15 09:10:36 2015] [debug] GET "/report/chamado".
[Wed Jul 15 09:10:36 2015] [debug] Routing to controller "GR::Controller::Medicao" and action "chamado".
[Wed Jul 15 09:10:36 2015] [debug] Rendering template "medicao/chamado.html.ep".
[Wed Jul 15 09:10:36 2015] [debug] Rendering cached template "layouts/principal.html.ep".
[Wed Jul 15 09:10:36 2015] [debug] 200 OK (0.031774s, 31.472/s).
[Wed Jul 15 09:10:38 2015] [debug] GET "/report/servico".
[Wed Jul 15 09:10:38 2015] [debug] Routing to controller "GR::Controller::Medicao" and action "servico".
[Wed Jul 15 09:10:38 2015] [debug] Rendering cached template "medicao/servico.html.ep".
[Wed Jul 15 09:10:38 2015] [debug] Rendering cached template "layouts/principal.html.ep".
[Wed Jul 15 09:10:38 2015] [debug] 200 OK (0.001542s, 648.508/s).
[Wed Jul 15 09:10:39 2015] [debug] GET "/report/chamado".
[Wed Jul 15 09:10:39 2015] [debug] Routing to controller "GR::Controller::Medicao" and action "chamado".
[Wed Jul 15 09:10:39 2015] [debug] Rendering cached template "medicao/chamado.html.ep".
[Wed Jul 15 09:10:39 2015] [debug] Rendering cached template "layouts/principal.html.ep".
[Wed Jul 15 09:10:39 2015] [debug] 200 OK (0.002201s, 454.339/s).
[Wed Jul 15 09:13:38 2015] [debug] Your secret passphrase needs to be changed!!!
[Wed Jul 15 09:13:38 2015] [debug] GET "/report/chamado".
[Wed Jul 15 09:13:38 2015] [debug] Routing to controller "GR::Controller::Medicao" and action "chamado".
[Wed Jul 15 09:13:38 2015] [debug] Rendering template "medicao/chamado.html.ep".
[Wed Jul 15 09:13:38 2015] [debug] Rendering template "layouts/principal.html.ep".
[Wed Jul 15 09:13:38 2015] [debug] 200 OK (0.008686s, 115.128/s).
[Wed Jul 15 09:14:38 2015] [debug] GET "/report/chamado".
[Wed Jul 15 09:14:38 2015] [debug] Routing to controller "GR::Controller::Medicao" and action "chamado".
[Wed Jul 15 09:14:38 2015] [debug] Rendering cached template "medicao/chamado.html.ep".
[Wed Jul 15 09:14:38 2015] [debug] Rendering cached template "layouts/principal.html.ep".
[Wed Jul 15 09:14:38 2015] [debug] 200 OK (0.001469s, 680.735/s).
[Wed Jul 15 09:15:21 2015] [debug] GET "/report/chamado".
[Wed Jul 15 09:15:21 2015] [debug] Routing to controller "GR::Controller::Medicao" and action "chamado".
[Wed Jul 15 09:15:21 2015] [debug] Rendering cached template "medicao/chamado.html.ep".
[Wed Jul 15 09:15:21 2015] [debug] Rendering cached template "layouts/principal.html.ep".
[Wed Jul 15 09:15:21 2015] [debug] 200 OK (0.001624s, 615.764/s).
[Wed Jul 15 16:56:32 2015] [info] Listening at "http://*:3000".
[Wed Jul 15 16:56:34 2015] [debug] Your secret passphrase needs to be changed!!!
[Wed Jul 15 16:56:34 2015] [debug] GET "/report/chamado".
[Wed Jul 15 16:56:34 2015] [debug] Routing to controller "GR::Controller::Medicao" and action "chamado".
[Wed Jul 15 16:56:34 2015] [debug] Rendering template "medicao/chamado.html.ep".
[Wed Jul 15 16:56:34 2015] [debug] Rendering template "layouts/principal.html.ep".
[Wed Jul 15 16:56:34 2015] [debug] 200 OK (0.005673s, 176.274/s).
[Thu Jul 16 16:22:30 2015] [info] Listening at "http://*:3000".
[Thu Jul 16 16:27:06 2015] [debug] Your secret passphrase needs to be changed!!!
[Thu Jul 16 16:27:06 2015] [debug] GET "/g".
[Thu Jul 16 16:27:06 2015] [debug] Template "not_found.development.html.ep" not found.
[Thu Jul 16 16:27:06 2015] [debug] Template "not_found.html.ep" not found.
[Thu Jul 16 16:27:06 2015] [debug] Rendering inline template "f1dc5ae11294c9115f24b13adf9a9165".
[Thu Jul 16 16:27:06 2015] [debug] Rendering inline template "4fcf2af99f1803a7a26c2e9b04430f8c".
[Thu Jul 16 16:27:06 2015] [debug] 404 Not Found (0.036003s, 27.775/s).
[Thu Jul 16 16:27:09 2015] [debug] GET "/".
[Thu Jul 16 16:27:09 2015] [debug] Routing to controller "GR::Controller::Home" and action "index".
[Thu Jul 16 16:27:09 2015] [debug] Rendering template "home/index.html.ep".
[Thu Jul 16 16:27:09 2015] [debug] Rendering template "layouts/principal.html.ep".
[Thu Jul 16 16:27:09 2015] [debug] 200 OK (0.073168s, 13.667/s).
[Thu Jul 16 16:27:12 2015] [debug] GET "/report/chamado".
[Thu Jul 16 16:27:12 2015] [debug] Routing to controller "GR::Controller::Medicao" and action "chamado".
[Thu Jul 16 16:27:12 2015] [debug] Rendering template "medicao/chamado.html.ep".
[Thu Jul 16 16:27:12 2015] [debug] Rendering cached template "layouts/principal.html.ep".
[Thu Jul 16 16:27:12 2015] [debug] 200 OK (0.033286s, 30.043/s).
